Files already downloaded and verified
Files already downloaded and verified
Beginning training from epoch: 1
/home/g058466/vir_en/env2/lib/python3.7/site-packages/torchvision/models/_utils.py:209: UserWarning: The parameter 'pretrained' is deprecated since 0.13 and will be removed in 0.15, please use 'weights' instead.
  f"The parameter '{pretrained_param}' is deprecated since 0.13 and will be removed in 0.15, "
/home/g058466/vir_en/env2/lib/python3.7/site-packages/torchvision/models/_utils.py:223: UserWarning: Arguments other than a weight enum or `None` for 'weights' are deprecated since 0.13 and will be removed in 0.15. The current behavior is equivalent to passing `weights=ConvNeXt_Tiny_Weights.IMAGENET1K_V1`. You can also use `weights=ConvNeXt_Tiny_Weights.DEFAULT` to get the most up-to-date weights.
  warnings.warn(msg)
Train Loss 0.261
Train Loss 1.546
Train Loss 1.151
Train Loss 0.997
Train Loss 0.847
Train Loss 0.846
Train Loss 0.837
Train Loss 0.772
Epoch   1 | Time    50 | Train Loss 0.7299 | Test Loss 0.000 | Test Error 13.41
Train Loss 0.066
Train Loss 0.677
Train Loss 0.668
Train Loss 0.701
Train Loss 0.669
Train Loss 0.654
Train Loss 0.630
Train Loss 0.611
Epoch   2 | Time    48 | Train Loss 0.6116 | Test Loss 0.000 | Test Error 11.20
Train Loss 0.056
Train Loss 0.604
Train Loss 0.567
Train Loss 0.560
Train Loss 0.566
Train Loss 0.583
Train Loss 0.583
Train Loss 0.566
Epoch   3 | Time    48 | Train Loss 0.5799 | Test Loss 0.000 | Test Error 10.36
Train Loss 0.049
Train Loss 0.540
Train Loss 0.549
Train Loss 0.521
Train Loss 0.541
Train Loss 0.516
Train Loss 0.543
Train Loss 0.534
Epoch   4 | Time    48 | Train Loss 0.5156 | Test Loss 0.000 | Test Error 9.78
Train Loss 0.048
Train Loss 0.486
Train Loss 0.526
Train Loss 0.550
Train Loss 0.540
Train Loss 0.534
Train Loss 0.490
Train Loss 0.502
Epoch   5 | Time    48 | Train Loss 0.5111 | Test Loss 0.000 | Test Error 9.12
Train Loss 0.042
Train Loss 0.522
Train Loss 0.472
Train Loss 0.510
Train Loss 0.495
Train Loss 0.523
Train Loss 0.491
Train Loss 0.516
Epoch   6 | Time    48 | Train Loss 0.5459 | Test Loss 0.000 | Test Error 9.35
Train Loss 0.042
Train Loss 0.481
Train Loss 0.511
Train Loss 0.481
Train Loss 0.478
Train Loss 0.550
Train Loss 0.491
Train Loss 0.521
Epoch   7 | Time    48 | Train Loss 0.5035 | Test Loss 0.000 | Test Error 9.74
Train Loss 0.058
Train Loss 0.489
Train Loss 0.489
Train Loss 0.498
Train Loss 0.504
Train Loss 0.531
Train Loss 0.498
Train Loss 0.525
Epoch   8 | Time    48 | Train Loss 0.5195 | Test Loss 0.000 | Test Error 10.57
Train Loss 0.044
Train Loss 0.469
Train Loss 0.501
Train Loss 0.507
Train Loss 0.516
Train Loss 0.504
Train Loss 0.505
Train Loss 0.529
Epoch   9 | Time    48 | Train Loss 0.5333 | Test Loss 0.000 | Test Error 12.27
Train Loss 0.054
Train Loss 0.496
Train Loss 0.506
Train Loss 0.487
Train Loss 0.541
Train Loss 0.552
Train Loss 0.536
Train Loss 0.504
Epoch  10 | Time    48 | Train Loss 0.5630 | Test Loss 0.000 | Test Error 11.29
Train Loss 0.065
Train Loss 0.502
Train Loss 0.547
Train Loss 0.495
Train Loss 0.543
Train Loss 0.541
Train Loss 0.563
Train Loss 0.554
Epoch  11 | Time    48 | Train Loss 0.5723 | Test Loss 0.000 | Test Error 11.27
Train Loss 0.050
Train Loss 0.526
Train Loss 0.569
Train Loss 0.553
Train Loss 0.585
Train Loss 0.508
Train Loss 0.545
Train Loss 0.582
Epoch  12 | Time    48 | Train Loss 0.5566 | Test Loss 0.000 | Test Error 12.28
Train Loss 0.046
Train Loss 0.522
Train Loss 0.518
Train Loss 0.585
Train Loss 0.574
Train Loss 0.546
Train Loss 0.528
Train Loss 0.572
Epoch  13 | Time    48 | Train Loss 0.5911 | Test Loss 0.000 | Test Error 11.60
Train Loss 0.053
Train Loss 0.527
Train Loss 0.576
Train Loss 0.567
Train Loss 0.568
Train Loss 0.575
Train Loss 0.600
Train Loss 0.564
Epoch  14 | Time    48 | Train Loss 0.6345 | Test Loss 0.000 | Test Error 11.77
Train Loss 0.063
Train Loss 0.598
Train Loss 0.608
Train Loss 0.569
Train Loss 0.602
Train Loss 0.596
Train Loss 0.589
Train Loss 0.608
Epoch  15 | Time    48 | Train Loss 0.6095 | Test Loss 0.000 | Test Error 13.55
Train Loss 0.068
Train Loss 0.591
Train Loss 0.603
Train Loss 0.594
Train Loss 0.608
Train Loss 0.574
Train Loss 0.629
Train Loss 0.616
Epoch  16 | Time    48 | Train Loss 0.5968 | Test Loss 0.000 | Test Error 13.85
Train Loss 0.063
Train Loss 0.590
Train Loss 0.602
Train Loss 0.604
Train Loss 0.615
Train Loss 0.648
Train Loss 0.632
Train Loss 0.608
Epoch  17 | Time    48 | Train Loss 0.6741 | Test Loss 0.000 | Test Error 13.66
Train Loss 0.057
Train Loss 0.594
Train Loss 0.627
Train Loss 0.611
Train Loss 0.597
Train Loss 0.646
Train Loss 0.642
Train Loss 0.594
Epoch  18 | Time    48 | Train Loss 0.6360 | Test Loss 0.000 | Test Error 14.97
Train Loss 0.074
Train Loss 0.607
Train Loss 0.627
Train Loss 0.610
Train Loss 0.656
Train Loss 0.654
Train Loss 0.636
Train Loss 0.636
Epoch  19 | Time    48 | Train Loss 0.6591 | Test Loss 0.000 | Test Error 13.79
Train Loss 0.072
Train Loss 0.648
Train Loss 0.640
Train Loss 0.647
Train Loss 0.658
Train Loss 0.649
Train Loss 0.649
Train Loss 0.643
Epoch  20 | Time    48 | Train Loss 0.6423 | Test Loss 0.000 | Test Error 14.89
Train Loss 0.057
Train Loss 0.631
Train Loss 0.652
Train Loss 0.643
Train Loss 0.639
Train Loss 0.635
Train Loss 0.633
Train Loss 0.660
Epoch  21 | Time    48 | Train Loss 0.6523 | Test Loss 0.000 | Test Error 14.01
Train Loss 0.061
Train Loss 0.637
Train Loss 0.613
Train Loss 0.678
Train Loss 0.681
Train Loss 0.672
Train Loss 0.683
Train Loss 0.672
Epoch  22 | Time    48 | Train Loss 0.6831 | Test Loss 0.000 | Test Error 14.95
Train Loss 0.053
Train Loss 0.619
Train Loss 0.670
Train Loss 0.617
Train Loss 0.667
Train Loss 0.678
Train Loss 0.635
Train Loss 0.659
Epoch  23 | Time    48 | Train Loss 0.6887 | Test Loss 0.000 | Test Error 14.41
Train Loss 0.061
Train Loss 0.609
Train Loss 0.610
Train Loss 0.664
Train Loss 0.626
Train Loss 0.655
Train Loss 0.671
Train Loss 0.654
Epoch  24 | Time    48 | Train Loss 0.6480 | Test Loss 0.000 | Test Error 15.26
Train Loss 0.060
Train Loss 0.605
Train Loss 0.650
Train Loss 0.669
Train Loss 0.690
Train Loss 0.684
Train Loss 0.706
Train Loss 0.656
Epoch  25 | Time    48 | Train Loss 0.6658 | Test Loss 0.000 | Test Error 14.47
Train Loss 0.049
Train Loss 0.613
Train Loss 0.694
Train Loss 0.673
Train Loss 0.632
Train Loss 0.654
Train Loss 0.663
Train Loss 0.685
Epoch  26 | Time    48 | Train Loss 0.6877 | Test Loss 0.000 | Test Error 15.29
Train Loss 0.064
Train Loss 0.641
Train Loss 0.607
Train Loss 0.679
Train Loss 0.698
Train Loss 0.645
Train Loss 0.672
Train Loss 0.648
Epoch  27 | Time    48 | Train Loss 0.6573 | Test Loss 0.000 | Test Error 14.35
Train Loss 0.047
Train Loss 0.651
Train Loss 0.637
Train Loss 0.677
Train Loss 0.623
Train Loss 0.650
Train Loss 0.692
Train Loss 0.626
Epoch  28 | Time    48 | Train Loss 0.6448 | Test Loss 0.000 | Test Error 15.54
Train Loss 0.054
Train Loss 0.620
Train Loss 0.604
Train Loss 0.657
Train Loss 0.672
Train Loss 0.655
Train Loss 0.664
Train Loss 0.654
Epoch  29 | Time    48 | Train Loss 0.6799 | Test Loss 0.000 | Test Error 15.12
Train Loss 0.064
Train Loss 0.644
Train Loss 0.642
Train Loss 0.629
Train Loss 0.668
Train Loss 0.659
Train Loss 0.643
Train Loss 0.695
Epoch  30 | Time    48 | Train Loss 0.6618 | Test Loss 0.000 | Test Error 15.97
Train Loss 0.068
Train Loss 0.628
Train Loss 0.602
Train Loss 0.641
Train Loss 0.646
Train Loss 0.666
Train Loss 0.646
Train Loss 0.688
Epoch  31 | Time    48 | Train Loss 0.6448 | Test Loss 0.000 | Test Error 15.65
Train Loss 0.069
Train Loss 0.647
Train Loss 0.603
Train Loss 0.665
Train Loss 0.652
Train Loss 0.683
Train Loss 0.641
Train Loss 0.627
Epoch  32 | Time    48 | Train Loss 0.6555 | Test Loss 0.000 | Test Error 14.24
Train Loss 0.059
Train Loss 0.632
Train Loss 0.646
Train Loss 0.645
Train Loss 0.645
Train Loss 0.640
Train Loss 0.624
Train Loss 0.656
Epoch  33 | Time    48 | Train Loss 0.6250 | Test Loss 0.000 | Test Error 16.24
Train Loss 0.077
Train Loss 0.583
Train Loss 0.643
Train Loss 0.646
Train Loss 0.634
Train Loss 0.624
Train Loss 0.640
Train Loss 0.643
Epoch  34 | Time    48 | Train Loss 0.6059 | Test Loss 0.000 | Test Error 14.21
Train Loss 0.049
Train Loss 0.643
Train Loss 0.640
Train Loss 0.631
Train Loss 0.648
Train Loss 0.609
Train Loss 0.596
Train Loss 0.656
Epoch  35 | Time    48 | Train Loss 0.6659 | Test Loss 0.000 | Test Error 14.42
Train Loss 0.068
Train Loss 0.614
Train Loss 0.608
Train Loss 0.686
Train Loss 0.626
Train Loss 0.652
Train Loss 0.656
Train Loss 0.622
Epoch  36 | Time    48 | Train Loss 0.6308 | Test Loss 0.000 | Test Error 14.36
Train Loss 0.043
Train Loss 0.614
Train Loss 0.640
Train Loss 0.635
Train Loss 0.615
Train Loss 0.619
Train Loss 0.599
Train Loss 0.673
Epoch  37 | Time    48 | Train Loss 0.6401 | Test Loss 0.000 | Test Error 14.95
Train Loss 0.065
Train Loss 0.627
Train Loss 0.637
Train Loss 0.658
Train Loss 0.639
Train Loss 0.656
Train Loss 0.629
Train Loss 0.625
Epoch  38 | Time    48 | Train Loss 0.6490 | Test Loss 0.000 | Test Error 14.58
Train Loss 0.059
Train Loss 0.577
Train Loss 0.612
Train Loss 0.645
Train Loss 0.636
Train Loss 0.635
Train Loss 0.656
Train Loss 0.628
Epoch  39 | Time    48 | Train Loss 0.6477 | Test Loss 0.000 | Test Error 14.04
Train Loss 0.064
Train Loss 0.606
Train Loss 0.635
Train Loss 0.645
Train Loss 0.622
Train Loss 0.634
Train Loss 0.633
Train Loss 0.614
Epoch  40 | Time    48 | Train Loss 0.6323 | Test Loss 0.000 | Test Error 15.38
Train Loss 0.056
Train Loss 0.617
Train Loss 0.621
Train Loss 0.604
Train Loss 0.626
Train Loss 0.666
Train Loss 0.624
Train Loss 0.596
Epoch  41 | Time    48 | Train Loss 0.6444 | Test Loss 0.000 | Test Error 13.98
Train Loss 0.050
Train Loss 0.603
Train Loss 0.613
Train Loss 0.622
Train Loss 0.609
Train Loss 0.654
Train Loss 0.597
Train Loss 0.647
Epoch  42 | Time    48 | Train Loss 0.6476 | Test Loss 0.000 | Test Error 15.77
Train Loss 0.072
Train Loss 0.595
Train Loss 0.578
Train Loss 0.609
Train Loss 0.613
Train Loss 0.599
Train Loss 0.619
Train Loss 0.620
Epoch  43 | Time    48 | Train Loss 0.6268 | Test Loss 0.000 | Test Error 13.84
Train Loss 0.050
Train Loss 0.595
Train Loss 0.636
Train Loss 0.623
Train Loss 0.650
Train Loss 0.621
Train Loss 0.652
Train Loss 0.659
Epoch  44 | Time    48 | Train Loss 0.6003 | Test Loss 0.000 | Test Error 15.94
Train Loss 0.064
Train Loss 0.613
Train Loss 0.607
Train Loss 0.612
Train Loss 0.596
Train Loss 0.629
Train Loss 0.620
Train Loss 0.601
Epoch  45 | Time    48 | Train Loss 0.5855 | Test Loss 0.000 | Test Error 14.42
Train Loss 0.070
Train Loss 0.590
Train Loss 0.620
Train Loss 0.602
Train Loss 0.579
Train Loss 0.596
Train Loss 0.599
Train Loss 0.591
Epoch  46 | Time    48 | Train Loss 0.5834 | Test Loss 0.000 | Test Error 13.59
Train Loss 0.060
Train Loss 0.597
Train Loss 0.610
Train Loss 0.605
Train Loss 0.632
Train Loss 0.583
Train Loss 0.589
Train Loss 0.620
Epoch  47 | Time    48 | Train Loss 0.6180 | Test Loss 0.000 | Test Error 14.81
Train Loss 0.052
Train Loss 0.607
Train Loss 0.601
Train Loss 0.607
Train Loss 0.608
Train Loss 0.579
Train Loss 0.600
Train Loss 0.595
Epoch  48 | Time    48 | Train Loss 0.6222 | Test Loss 0.000 | Test Error 14.69
Train Loss 0.061
Train Loss 0.580
Train Loss 0.599
Train Loss 0.614
Train Loss 0.615
Train Loss 0.580
Train Loss 0.596
Train Loss 0.594
Epoch  49 | Time    48 | Train Loss 0.6037 | Test Loss 0.000 | Test Error 14.81
Train Loss 0.063
Train Loss 0.601
Train Loss 0.640
Train Loss 0.592
Train Loss 0.584
Train Loss 0.591
Train Loss 0.619
Train Loss 0.586
Epoch  50 | Time    48 | Train Loss 0.6332 | Test Loss 0.000 | Test Error 14.56
Train Loss 0.068
Train Loss 0.573
Train Loss 0.577
Train Loss 0.606
Train Loss 0.564
Train Loss 0.579
Train Loss 0.573
Train Loss 0.570
Epoch  51 | Time    48 | Train Loss 0.5764 | Test Loss 0.000 | Test Error 14.30
Train Loss 0.061
Train Loss 0.597
Train Loss 0.579
Train Loss 0.566
Train Loss 0.590
Train Loss 0.584
Train Loss 0.610
Train Loss 0.599
Epoch  52 | Time    48 | Train Loss 0.6006 | Test Loss 0.000 | Test Error 13.51
Train Loss 0.058
Train Loss 0.563
Train Loss 0.591
Train Loss 0.599
Train Loss 0.591
Train Loss 0.613
Train Loss 0.620
Train Loss 0.621
Epoch  53 | Time    48 | Train Loss 0.5951 | Test Loss 0.000 | Test Error 14.14
Train Loss 0.054
Train Loss 0.565
Train Loss 0.594
Train Loss 0.606
Train Loss 0.600
Train Loss 0.580
Train Loss 0.606
Train Loss 0.603
Epoch  54 | Time    48 | Train Loss 0.5906 | Test Loss 0.000 | Test Error 13.42
Train Loss 0.041
Train Loss 0.578
Train Loss 0.566
Train Loss 0.602
Train Loss 0.596
Train Loss 0.575
Train Loss 0.620
Train Loss 0.604
Epoch  55 | Time    48 | Train Loss 0.6103 | Test Loss 0.000 | Test Error 13.30
Train Loss 0.058
Train Loss 0.542
Train Loss 0.583
Train Loss 0.566
Train Loss 0.598
Train Loss 0.594
Train Loss 0.602
Train Loss 0.624
Epoch  56 | Time    48 | Train Loss 0.5763 | Test Loss 0.000 | Test Error 12.80
Train Loss 0.057
Train Loss 0.555
Train Loss 0.557
Train Loss 0.566
Train Loss 0.551
Train Loss 0.585
Train Loss 0.587
Train Loss 0.618
Epoch  57 | Time    48 | Train Loss 0.5815 | Test Loss 0.000 | Test Error 13.35
Train Loss 0.069
Train Loss 0.549
Train Loss 0.602
Train Loss 0.566
Train Loss 0.583
Train Loss 0.576
Train Loss 0.595
Train Loss 0.590
Epoch  58 | Time    48 | Train Loss 0.5746 | Test Loss 0.000 | Test Error 13.88
Train Loss 0.054
Train Loss 0.565
Train Loss 0.586
Train Loss 0.548
Train Loss 0.565
Train Loss 0.561
Train Loss 0.559
Train Loss 0.577
Epoch  59 | Time    48 | Train Loss 0.5724 | Test Loss 0.000 | Test Error 13.45
Train Loss 0.046
Train Loss 0.560
Train Loss 0.545
Train Loss 0.594
Train Loss 0.562
Train Loss 0.578
Train Loss 0.553
Train Loss 0.561
Epoch  60 | Time    48 | Train Loss 0.6016 | Test Loss 0.000 | Test Error 13.40
Train Loss 0.066
Train Loss 0.552
Train Loss 0.516
Train Loss 0.535
Train Loss 0.573
Train Loss 0.565
Train Loss 0.545
Train Loss 0.548
Epoch  61 | Time    48 | Train Loss 0.5834 | Test Loss 0.000 | Test Error 15.00
Train Loss 0.059
Train Loss 0.587
Train Loss 0.575
Train Loss 0.563
Train Loss 0.561
Train Loss 0.595
Train Loss 0.600
Train Loss 0.564
Epoch  62 | Time    48 | Train Loss 0.5894 | Test Loss 0.000 | Test Error 13.10
Train Loss 0.051
Train Loss 0.574
Train Loss 0.547
Train Loss 0.573
Train Loss 0.551
Train Loss 0.542
Train Loss 0.585
Train Loss 0.548
Epoch  63 | Time    48 | Train Loss 0.5415 | Test Loss 0.000 | Test Error 13.42
Train Loss 0.055
Train Loss 0.577
Train Loss 0.585
Train Loss 0.538
Train Loss 0.588
Train Loss 0.550
Train Loss 0.591
Train Loss 0.570
Epoch  64 | Time    48 | Train Loss 0.5589 | Test Loss 0.000 | Test Error 13.55
Train Loss 0.058
Train Loss 0.565
Train Loss 0.554
Train Loss 0.585
Train Loss 0.574
Train Loss 0.535
Train Loss 0.571
Train Loss 0.539
Epoch  65 | Time    48 | Train Loss 0.5767 | Test Loss 0.000 | Test Error 13.38
Train Loss 0.057
Train Loss 0.558
Train Loss 0.574
Train Loss 0.589
Train Loss 0.517
Train Loss 0.591
Train Loss 0.534
Train Loss 0.509
Epoch  66 | Time    48 | Train Loss 0.5624 | Test Loss 0.000 | Test Error 12.96
Train Loss 0.044
Train Loss 0.572
Train Loss 0.530
Train Loss 0.565
Train Loss 0.566
Train Loss 0.551
Train Loss 0.585
Train Loss 0.585
Epoch  67 | Time    48 | Train Loss 0.5363 | Test Loss 0.000 | Test Error 13.12
Train Loss 0.042
Train Loss 0.530
Train Loss 0.566
Train Loss 0.573
Train Loss 0.554
Train Loss 0.544
Train Loss 0.537
Train Loss 0.550
Epoch  68 | Time    48 | Train Loss 0.5441 | Test Loss 0.000 | Test Error 13.23
Train Loss 0.048
Train Loss 0.517
Train Loss 0.575
Train Loss 0.545
Train Loss 0.558
Train Loss 0.533
Train Loss 0.571
Train Loss 0.593
Epoch  69 | Time    48 | Train Loss 0.5324 | Test Loss 0.000 | Test Error 13.77
Train Loss 0.061
Train Loss 0.518
Train Loss 0.554
Train Loss 0.502
Train Loss 0.549
Train Loss 0.555
Train Loss 0.538
Train Loss 0.561
Epoch  70 | Time    48 | Train Loss 0.5922 | Test Loss 0.000 | Test Error 14.07
Train Loss 0.047
Train Loss 0.529
Train Loss 0.589
Train Loss 0.510
Train Loss 0.543
Train Loss 0.516
Train Loss 0.536
Train Loss 0.547
Epoch  71 | Time    48 | Train Loss 0.5198 | Test Loss 0.000 | Test Error 13.73
Train Loss 0.050
Train Loss 0.540
Train Loss 0.529
Train Loss 0.559
Train Loss 0.551
Train Loss 0.524
Train Loss 0.587
Train Loss 0.525
Epoch  72 | Time    48 | Train Loss 0.5420 | Test Loss 0.000 | Test Error 13.90
Train Loss 0.054
Train Loss 0.525
Train Loss 0.506
Train Loss 0.520
Train Loss 0.466
Train Loss 0.539
Train Loss 0.514
Train Loss 0.550
Epoch  73 | Time    48 | Train Loss 0.5057 | Test Loss 0.000 | Test Error 13.82
Train Loss 0.043
Train Loss 0.517
Train Loss 0.488
Train Loss 0.528
Train Loss 0.489
Train Loss 0.578
Train Loss 0.547
Train Loss 0.550
Epoch  74 | Time    48 | Train Loss 0.5285 | Test Loss 0.000 | Test Error 12.56
Train Loss 0.045
Train Loss 0.504
Train Loss 0.519
Train Loss 0.511
Train Loss 0.545
Train Loss 0.506
Train Loss 0.534
Train Loss 0.501
Epoch  75 | Time    48 | Train Loss 0.5805 | Test Loss 0.000 | Test Error 14.63
Train Loss 0.057
Train Loss 0.487
Train Loss 0.495
Train Loss 0.536
Train Loss 0.570
Train Loss 0.514
Train Loss 0.543
Train Loss 0.531
Epoch  76 | Time    48 | Train Loss 0.5094 | Test Loss 0.000 | Test Error 13.11
Train Loss 0.046
Train Loss 0.469
Train Loss 0.565
Train Loss 0.532
Train Loss 0.548
Train Loss 0.496
Train Loss 0.526
Train Loss 0.539
Epoch  77 | Time    48 | Train Loss 0.5361 | Test Loss 0.000 | Test Error 12.89
Train Loss 0.039
Train Loss 0.492
Train Loss 0.522
Train Loss 0.521
Train Loss 0.537
Train Loss 0.501
Train Loss 0.492
Train Loss 0.534
Epoch  78 | Time    48 | Train Loss 0.5173 | Test Loss 0.000 | Test Error 13.26
Train Loss 0.041
Train Loss 0.492
Train Loss 0.475
Train Loss 0.503
Train Loss 0.490
Train Loss 0.506
Train Loss 0.516
Train Loss 0.511
Epoch  79 | Time    48 | Train Loss 0.5205 | Test Loss 0.000 | Test Error 13.10
Train Loss 0.059
Train Loss 0.475
Train Loss 0.502
Train Loss 0.510
Train Loss 0.490
Train Loss 0.515
Train Loss 0.508
Train Loss 0.499
Epoch  80 | Time    48 | Train Loss 0.5439 | Test Loss 0.000 | Test Error 12.42
Train Loss 0.044
Train Loss 0.498
Train Loss 0.473
Train Loss 0.480
Train Loss 0.487
Train Loss 0.522
Train Loss 0.511
Train Loss 0.541
Epoch  81 | Time    48 | Train Loss 0.5254 | Test Loss 0.000 | Test Error 12.58
Train Loss 0.041
Train Loss 0.484
Train Loss 0.495
Train Loss 0.467
Train Loss 0.497
Train Loss 0.517
Train Loss 0.526
Train Loss 0.517
Epoch  82 | Time    48 | Train Loss 0.4743 | Test Loss 0.000 | Test Error 13.32
Train Loss 0.041
Train Loss 0.481
Train Loss 0.516
Train Loss 0.498
Train Loss 0.505
Train Loss 0.509
Train Loss 0.488
Train Loss 0.466
Epoch  83 | Time    48 | Train Loss 0.5202 | Test Loss 0.000 | Test Error 12.10
Train Loss 0.038
Train Loss 0.474
Train Loss 0.471
Train Loss 0.473
Train Loss 0.488
Train Loss 0.538
Train Loss 0.494
Train Loss 0.486
Epoch  84 | Time    48 | Train Loss 0.4947 | Test Loss 0.000 | Test Error 11.59
Train Loss 0.051
Train Loss 0.480
Train Loss 0.453
Train Loss 0.497
Train Loss 0.493
Train Loss 0.515
Train Loss 0.504
Train Loss 0.491
Epoch  85 | Time    48 | Train Loss 0.5396 | Test Loss 0.000 | Test Error 14.10
Train Loss 0.048
Train Loss 0.481
Train Loss 0.505
Train Loss 0.489
Train Loss 0.505
Train Loss 0.454
Train Loss 0.485
Train Loss 0.491
Epoch  86 | Time    48 | Train Loss 0.4976 | Test Loss 0.000 | Test Error 12.45
Train Loss 0.043
Train Loss 0.500
Train Loss 0.456
Train Loss 0.473
Train Loss 0.458
Train Loss 0.462
Train Loss 0.478
Train Loss 0.457
Epoch  87 | Time    48 | Train Loss 0.4875 | Test Loss 0.000 | Test Error 12.98
Train Loss 0.038
Train Loss 0.455
Train Loss 0.464
Train Loss 0.524
Train Loss 0.497
Train Loss 0.458
Train Loss 0.503
Train Loss 0.474
Epoch  88 | Time    48 | Train Loss 0.4856 | Test Loss 0.000 | Test Error 12.89
Train Loss 0.044
Train Loss 0.424
Train Loss 0.497
Train Loss 0.449
Train Loss 0.511
Train Loss 0.464
Train Loss 0.478
Train Loss 0.514
Epoch  89 | Time    48 | Train Loss 0.4546 | Test Loss 0.000 | Test Error 12.72
Train Loss 0.054
Train Loss 0.447
Train Loss 0.479
Train Loss 0.417
Train Loss 0.433
Train Loss 0.443
Train Loss 0.495
Train Loss 0.476
Epoch  90 | Time    48 | Train Loss 0.4623 | Test Loss 0.000 | Test Error 13.58
Train Loss 0.047
Train Loss 0.444
Train Loss 0.468
Train Loss 0.466
Train Loss 0.505
Train Loss 0.474
Train Loss 0.477
Train Loss 0.441
Epoch  91 | Time    48 | Train Loss 0.4550 | Test Loss 0.000 | Test Error 12.81
Train Loss 0.027
Train Loss 0.428
Train Loss 0.494
Train Loss 0.486
Train Loss 0.507
Train Loss 0.465
Train Loss 0.460
Train Loss 0.486
Epoch  92 | Time    48 | Train Loss 0.4609 | Test Loss 0.000 | Test Error 13.31
Train Loss 0.042
Train Loss 0.402
Train Loss 0.448
Train Loss 0.458
Train Loss 0.447
Train Loss 0.477
Train Loss 0.513
Train Loss 0.467
Epoch  93 | Time    48 | Train Loss 0.4425 | Test Loss 0.000 | Test Error 12.84
Train Loss 0.045
Train Loss 0.415
Train Loss 0.462
Train Loss 0.471
Train Loss 0.499
Train Loss 0.444
Train Loss 0.495
Train Loss 0.441
Epoch  94 | Time    48 | Train Loss 0.4583 | Test Loss 0.000 | Test Error 12.67
Train Loss 0.039
Train Loss 0.421
Train Loss 0.483
Train Loss 0.421
Train Loss 0.456
Train Loss 0.455
Train Loss 0.473
Train Loss 0.459
Epoch  95 | Time    48 | Train Loss 0.4093 | Test Loss 0.000 | Test Error 12.48
Train Loss 0.039
Train Loss 0.445
Train Loss 0.424
Train Loss 0.447
Train Loss 0.451
Train Loss 0.421
Train Loss 0.430
Train Loss 0.443
Epoch  96 | Time    48 | Train Loss 0.4403 | Test Loss 0.000 | Test Error 13.41
Train Loss 0.062
Train Loss 0.415
Train Loss 0.416
Train Loss 0.463
Train Loss 0.419
Train Loss 0.468
Train Loss 0.440
Train Loss 0.422
Epoch  97 | Time    48 | Train Loss 0.4133 | Test Loss 0.000 | Test Error 12.01
Train Loss 0.036
Train Loss 0.403
Train Loss 0.420
Train Loss 0.468
Train Loss 0.478
Train Loss 0.430
Train Loss 0.446
Train Loss 0.471
Epoch  98 | Time    48 | Train Loss 0.4642 | Test Loss 0.000 | Test Error 12.65
Train Loss 0.036
Train Loss 0.448
Train Loss 0.459
Train Loss 0.426
Train Loss 0.407
Train Loss 0.449
Train Loss 0.433
Train Loss 0.437
Epoch  99 | Time    48 | Train Loss 0.4318 | Test Loss 0.000 | Test Error 12.54
Train Loss 0.037
Train Loss 0.445
Train Loss 0.413
Train Loss 0.417
Train Loss 0.461
Train Loss 0.431
Train Loss 0.449
Train Loss 0.449
Epoch 100 | Time    48 | Train Loss 0.4410 | Test Loss 0.000 | Test Error 12.37
gaussian_noise
	Test Loss 0.001 | Test Error 22.580
shot_noise
	Test Loss 0.001 | Test Error 19.282
impulse_noise
	Test Loss 0.001 | Test Error 26.912
defocus_blur
	Test Loss 0.000 | Test Error 14.244
glass_blur
	Test Loss 0.001 | Test Error 25.312
motion_blur
	Test Loss 0.001 | Test Error 16.994
zoom_blur
	Test Loss 0.000 | Test Error 15.492
snow
	Test Loss 0.001 | Test Error 18.692
frost
	Test Loss 0.001 | Test Error 18.028
fog
	Test Loss 0.001 | Test Error 16.986
brightness
	Test Loss 0.000 | Test Error 13.876
contrast
	Test Loss 0.001 | Test Error 23.712
elastic_transform
	Test Loss 0.001 | Test Error 17.064
pixelate
	Test Loss 0.000 | Test Error 14.856
jpeg_compression
	Test Loss 0.000 | Test Error 15.988
Mean Corruption Error: 18.668
