Files already downloaded and verified
Files already downloaded and verified
Beginning training from epoch: 1
/home/g058466/vir_en/env2/lib/python3.7/site-packages/torchvision/models/_utils.py:209: UserWarning: The parameter 'pretrained' is deprecated since 0.13 and will be removed in 0.15, please use 'weights' instead.
  f"The parameter '{pretrained_param}' is deprecated since 0.13 and will be removed in 0.15, "
/home/g058466/vir_en/env2/lib/python3.7/site-packages/torchvision/models/_utils.py:223: UserWarning: Arguments other than a weight enum or `None` for 'weights' are deprecated since 0.13 and will be removed in 0.15. The current behavior is equivalent to passing `weights=None`.
  warnings.warn(msg)
Train Loss 0.236
Train Loss 10.313
Train Loss 2.366
Train Loss 2.232
Train Loss 2.224
Train Loss 2.197
Train Loss 2.202
Train Loss 2.187
Epoch   1 | Time    49 | Train Loss 2.1814 | Test Loss 0.002 | Test Error 80.07
Train Loss 0.216
Train Loss 2.147
Train Loss 2.174
Train Loss 2.171
Train Loss 2.146
Train Loss 2.134
Train Loss 2.127
Train Loss 2.109
Epoch   2 | Time    48 | Train Loss 2.1265 | Test Loss 0.002 | Test Error 78.05
Train Loss 0.211
Train Loss 2.081
Train Loss 2.105
Train Loss 2.103
Train Loss 2.115
Train Loss 2.099
Train Loss 2.097
Train Loss 2.054
Epoch   3 | Time    48 | Train Loss 2.0591 | Test Loss 0.002 | Test Error 74.89
Train Loss 0.212
Train Loss 2.041
Train Loss 2.043
Train Loss 2.041
Train Loss 2.012
Train Loss 2.032
Train Loss 2.022
Train Loss 2.008
Epoch   4 | Time    48 | Train Loss 2.0039 | Test Loss 0.002 | Test Error 73.77
Train Loss 0.206
Train Loss 1.988
Train Loss 1.998
Train Loss 2.005
Train Loss 2.003
Train Loss 1.984
Train Loss 1.960
Train Loss 1.968
Epoch   5 | Time    48 | Train Loss 1.9550 | Test Loss 0.002 | Test Error 70.51
Train Loss 0.196
Train Loss 1.935
Train Loss 1.910
Train Loss 1.945
Train Loss 1.930
Train Loss 1.928
Train Loss 1.908
Train Loss 1.891
Epoch   6 | Time    48 | Train Loss 1.9155 | Test Loss 0.002 | Test Error 63.55
Train Loss 0.179
Train Loss 1.919
Train Loss 1.871
Train Loss 1.877
Train Loss 1.882
Train Loss 1.872
Train Loss 1.867
Train Loss 1.871
Epoch   7 | Time    48 | Train Loss 1.8791 | Test Loss 0.002 | Test Error 63.09
Train Loss 0.185
Train Loss 1.826
Train Loss 1.867
Train Loss 1.837
Train Loss 1.839
Train Loss 1.836
Train Loss 1.845
Train Loss 1.836
Epoch   8 | Time    48 | Train Loss 1.8061 | Test Loss 0.002 | Test Error 60.11
Train Loss 0.196
Train Loss 1.770
Train Loss 1.809
Train Loss 1.798
Train Loss 1.804
Train Loss 1.751
Train Loss 1.808
Train Loss 1.793
Epoch   9 | Time    48 | Train Loss 1.7711 | Test Loss 0.002 | Test Error 57.07
Train Loss 0.178
Train Loss 1.768
Train Loss 1.766
Train Loss 1.784
Train Loss 1.748
Train Loss 1.771
Train Loss 1.772
Train Loss 1.729
Epoch  10 | Time    48 | Train Loss 1.7760 | Test Loss 0.002 | Test Error 55.67
Train Loss 0.186
Train Loss 1.746
Train Loss 1.770
Train Loss 1.744
Train Loss 1.737
Train Loss 1.745
Train Loss 1.746
Train Loss 1.750
Epoch  11 | Time    48 | Train Loss 1.7266 | Test Loss 0.002 | Test Error 56.40
Train Loss 0.175
Train Loss 1.752
Train Loss 1.756
Train Loss 1.717
Train Loss 1.751
Train Loss 1.730
Train Loss 1.681
Train Loss 1.736
Epoch  12 | Time    48 | Train Loss 1.7094 | Test Loss 0.001 | Test Error 52.70
Train Loss 0.171
Train Loss 1.685
Train Loss 1.680
Train Loss 1.750
Train Loss 1.739
Train Loss 1.703
Train Loss 1.712
Train Loss 1.701
Epoch  13 | Time    48 | Train Loss 1.7353 | Test Loss 0.002 | Test Error 53.88
Train Loss 0.165
Train Loss 1.655
Train Loss 1.716
Train Loss 1.688
Train Loss 1.716
Train Loss 1.704
Train Loss 1.713
Train Loss 1.747
Epoch  14 | Time    48 | Train Loss 1.7403 | Test Loss 0.002 | Test Error 53.70
Train Loss 0.174
Train Loss 1.706
Train Loss 1.716
Train Loss 1.652
Train Loss 1.719
Train Loss 1.662
Train Loss 1.701
Train Loss 1.697
Epoch  15 | Time    48 | Train Loss 1.6931 | Test Loss 0.001 | Test Error 51.92
Train Loss 0.160
Train Loss 1.686
Train Loss 1.677
Train Loss 1.701
Train Loss 1.688
Train Loss 1.652
Train Loss 1.666
Train Loss 1.676
Epoch  16 | Time    48 | Train Loss 1.6673 | Test Loss 0.001 | Test Error 52.52
Train Loss 0.164
Train Loss 1.676
Train Loss 1.657
Train Loss 1.686
Train Loss 1.685
Train Loss 1.682
Train Loss 1.680
Train Loss 1.677
Epoch  17 | Time    48 | Train Loss 1.6773 | Test Loss 0.001 | Test Error 53.88
Train Loss 0.168
Train Loss 1.661
Train Loss 1.671
Train Loss 1.644
Train Loss 1.647
Train Loss 1.681
Train Loss 1.678
Train Loss 1.686
Epoch  18 | Time    48 | Train Loss 1.6726 | Test Loss 0.001 | Test Error 51.84
Train Loss 0.173
Train Loss 1.671
Train Loss 1.664
Train Loss 1.675
Train Loss 1.694
Train Loss 1.692
Train Loss 1.710
Train Loss 1.668
Epoch  19 | Time    48 | Train Loss 1.6803 | Test Loss 0.002 | Test Error 54.31
Train Loss 0.173
Train Loss 1.664
Train Loss 1.667
Train Loss 1.687
Train Loss 1.664
Train Loss 1.656
Train Loss 1.625
Train Loss 1.655
Epoch  20 | Time    48 | Train Loss 1.6769 | Test Loss 0.001 | Test Error 52.14
Train Loss 0.166
Train Loss 1.649
Train Loss 1.648
Train Loss 1.687
Train Loss 1.668
Train Loss 1.667
Train Loss 1.642
Train Loss 1.659
Epoch  21 | Time    48 | Train Loss 1.6401 | Test Loss 0.001 | Test Error 51.48
Train Loss 0.164
Train Loss 1.625
Train Loss 1.638
Train Loss 1.658
Train Loss 1.679
Train Loss 1.675
Train Loss 1.653
Train Loss 1.648
Epoch  22 | Time    48 | Train Loss 1.6707 | Test Loss 0.001 | Test Error 50.01
Train Loss 0.155
Train Loss 1.638
Train Loss 1.664
Train Loss 1.611
Train Loss 1.653
Train Loss 1.646
Train Loss 1.663
Train Loss 1.669
Epoch  23 | Time    48 | Train Loss 1.6741 | Test Loss 0.001 | Test Error 50.35
Train Loss 0.165
Train Loss 1.627
Train Loss 1.635
Train Loss 1.592
Train Loss 1.621
Train Loss 1.647
Train Loss 1.628
Train Loss 1.627
Epoch  24 | Time    48 | Train Loss 1.6250 | Test Loss 0.001 | Test Error 50.78
Train Loss 0.171
Train Loss 1.632
Train Loss 1.652
Train Loss 1.631
Train Loss 1.641
Train Loss 1.619
Train Loss 1.637
Train Loss 1.643
Epoch  25 | Time    48 | Train Loss 1.6587 | Test Loss 0.001 | Test Error 50.33
Train Loss 0.155
Train Loss 1.610
Train Loss 1.679
Train Loss 1.638
Train Loss 1.645
Train Loss 1.632
Train Loss 1.629
Train Loss 1.653
Epoch  26 | Time    48 | Train Loss 1.6372 | Test Loss 0.001 | Test Error 49.45
Train Loss 0.161
Train Loss 1.613
Train Loss 1.617
Train Loss 1.636
Train Loss 1.664
Train Loss 1.588
Train Loss 1.654
Train Loss 1.611
Epoch  27 | Time    48 | Train Loss 1.6261 | Test Loss 0.001 | Test Error 51.15
Train Loss 0.158
Train Loss 1.631
Train Loss 1.628
Train Loss 1.638
Train Loss 1.634
Train Loss 1.623
Train Loss 1.613
Train Loss 1.601
Epoch  28 | Time    48 | Train Loss 1.6221 | Test Loss 0.001 | Test Error 50.66
Train Loss 0.151
Train Loss 1.655
Train Loss 1.618
Train Loss 1.623
Train Loss 1.644
Train Loss 1.630
Train Loss 1.636
Train Loss 1.613
Epoch  29 | Time    48 | Train Loss 1.6398 | Test Loss 0.001 | Test Error 49.73
Train Loss 0.160
Train Loss 1.613
Train Loss 1.626
Train Loss 1.612
Train Loss 1.614
Train Loss 1.597
Train Loss 1.603
Train Loss 1.614
Epoch  30 | Time    48 | Train Loss 1.6147 | Test Loss 0.001 | Test Error 49.24
Train Loss 0.163
Train Loss 1.592
Train Loss 1.624
Train Loss 1.606
Train Loss 1.598
Train Loss 1.636
Train Loss 1.629
Train Loss 1.609
Epoch  31 | Time    48 | Train Loss 1.6193 | Test Loss 0.001 | Test Error 49.36
Train Loss 0.165
Train Loss 1.599
Train Loss 1.617
Train Loss 1.590
Train Loss 1.612
Train Loss 1.619
Train Loss 1.610
Train Loss 1.594
Epoch  32 | Time    48 | Train Loss 1.5866 | Test Loss 0.001 | Test Error 47.11
Train Loss 0.143
Train Loss 1.584
Train Loss 1.612
Train Loss 1.595
Train Loss 1.617
Train Loss 1.613
Train Loss 1.607
Train Loss 1.599
Epoch  33 | Time    48 | Train Loss 1.5950 | Test Loss 0.001 | Test Error 47.73
Train Loss 0.169
Train Loss 1.550
Train Loss 1.605
Train Loss 1.570
Train Loss 1.603
Train Loss 1.618
Train Loss 1.604
Train Loss 1.602
Epoch  34 | Time    48 | Train Loss 1.5716 | Test Loss 0.001 | Test Error 48.17
Train Loss 0.162
Train Loss 1.589
Train Loss 1.606
Train Loss 1.606
Train Loss 1.586
Train Loss 1.576
Train Loss 1.565
Train Loss 1.598
Epoch  35 | Time    48 | Train Loss 1.5947 | Test Loss 0.001 | Test Error 48.26
Train Loss 0.169
Train Loss 1.566
Train Loss 1.588
Train Loss 1.614
Train Loss 1.569
Train Loss 1.611
Train Loss 1.600
Train Loss 1.583
Epoch  36 | Time    48 | Train Loss 1.5781 | Test Loss 0.001 | Test Error 47.20
Train Loss 0.159
Train Loss 1.541
Train Loss 1.597
Train Loss 1.600
Train Loss 1.553
Train Loss 1.563
Train Loss 1.575
Train Loss 1.599
Epoch  37 | Time    48 | Train Loss 1.5840 | Test Loss 0.001 | Test Error 47.74
Train Loss 0.166
Train Loss 1.588
Train Loss 1.614
Train Loss 1.577
Train Loss 1.550
Train Loss 1.586
Train Loss 1.570
Train Loss 1.566
Epoch  38 | Time    48 | Train Loss 1.5790 | Test Loss 0.001 | Test Error 48.03
Train Loss 0.154
Train Loss 1.581
Train Loss 1.583
Train Loss 1.567
Train Loss 1.575
Train Loss 1.601
Train Loss 1.586
Train Loss 1.574
Epoch  39 | Time    48 | Train Loss 1.5849 | Test Loss 0.001 | Test Error 45.88
Train Loss 0.157
Train Loss 1.537
Train Loss 1.590
Train Loss 1.569
Train Loss 1.577
Train Loss 1.582
Train Loss 1.580
Train Loss 1.546
Epoch  40 | Time    48 | Train Loss 1.5528 | Test Loss 0.001 | Test Error 46.24
Train Loss 0.154
Train Loss 1.539
Train Loss 1.544
Train Loss 1.572
Train Loss 1.566
Train Loss 1.564
Train Loss 1.562
Train Loss 1.549
Epoch  41 | Time    48 | Train Loss 1.5692 | Test Loss 0.001 | Test Error 45.92
Train Loss 0.155
Train Loss 1.547
Train Loss 1.541
Train Loss 1.542
Train Loss 1.570
Train Loss 1.568
Train Loss 1.586
Train Loss 1.580
Epoch  42 | Time    48 | Train Loss 1.5721 | Test Loss 0.001 | Test Error 46.95
Train Loss 0.152
Train Loss 1.570
Train Loss 1.542
Train Loss 1.563
Train Loss 1.538
Train Loss 1.553
Train Loss 1.539
Train Loss 1.562
Epoch  43 | Time    48 | Train Loss 1.5491 | Test Loss 0.001 | Test Error 45.95
Train Loss 0.149
Train Loss 1.572
Train Loss 1.553
Train Loss 1.545
Train Loss 1.567
Train Loss 1.554
Train Loss 1.552
Train Loss 1.573
Epoch  44 | Time    48 | Train Loss 1.5530 | Test Loss 0.001 | Test Error 45.44
Train Loss 0.154
Train Loss 1.564
Train Loss 1.572
Train Loss 1.579
Train Loss 1.559
Train Loss 1.544
Train Loss 1.561
Train Loss 1.565
Epoch  45 | Time    48 | Train Loss 1.5135 | Test Loss 0.001 | Test Error 48.06
Train Loss 0.169
Train Loss 1.537
Train Loss 1.537
Train Loss 1.569
Train Loss 1.522
Train Loss 1.539
Train Loss 1.550
Train Loss 1.524
Epoch  46 | Time    48 | Train Loss 1.5123 | Test Loss 0.001 | Test Error 45.99
Train Loss 0.168
Train Loss 1.513
Train Loss 1.560
Train Loss 1.562
Train Loss 1.553
Train Loss 1.539
Train Loss 1.533
Train Loss 1.533
Epoch  47 | Time    48 | Train Loss 1.5019 | Test Loss 0.001 | Test Error 46.16
Train Loss 0.157
Train Loss 1.518
Train Loss 1.526
Train Loss 1.565
Train Loss 1.535
Train Loss 1.518
Train Loss 1.522
Train Loss 1.531
Epoch  48 | Time    48 | Train Loss 1.5449 | Test Loss 0.001 | Test Error 44.50
Train Loss 0.162
Train Loss 1.515
Train Loss 1.526
Train Loss 1.543
Train Loss 1.525
Train Loss 1.541
Train Loss 1.543
Train Loss 1.522
Epoch  49 | Time    48 | Train Loss 1.5158 | Test Loss 0.001 | Test Error 45.70
Train Loss 0.154
Train Loss 1.519
Train Loss 1.548
Train Loss 1.543
Train Loss 1.559
Train Loss 1.515
Train Loss 1.534
Train Loss 1.523
Epoch  50 | Time    48 | Train Loss 1.5321 | Test Loss 0.001 | Test Error 44.70
Train Loss 0.155
Train Loss 1.517
Train Loss 1.550
Train Loss 1.535
Train Loss 1.506
Train Loss 1.534
Train Loss 1.512
Train Loss 1.524
Epoch  51 | Time    48 | Train Loss 1.5277 | Test Loss 0.001 | Test Error 45.23
Train Loss 0.158
Train Loss 1.518
Train Loss 1.521
Train Loss 1.514
Train Loss 1.555
Train Loss 1.520
Train Loss 1.516
Train Loss 1.503
Epoch  52 | Time    48 | Train Loss 1.5548 | Test Loss 0.001 | Test Error 44.38
Train Loss 0.142
Train Loss 1.499
Train Loss 1.516
Train Loss 1.549
Train Loss 1.514
Train Loss 1.532
Train Loss 1.511
Train Loss 1.542
Epoch  53 | Time    48 | Train Loss 1.5395 | Test Loss 0.001 | Test Error 44.14
Train Loss 0.150
Train Loss 1.510
Train Loss 1.540
Train Loss 1.501
Train Loss 1.516
Train Loss 1.532
Train Loss 1.507
Train Loss 1.535
Epoch  54 | Time    48 | Train Loss 1.5223 | Test Loss 0.001 | Test Error 43.03
Train Loss 0.146
Train Loss 1.504
Train Loss 1.516
Train Loss 1.511
Train Loss 1.508
Train Loss 1.530
Train Loss 1.540
Train Loss 1.506
Epoch  55 | Time    48 | Train Loss 1.5506 | Test Loss 0.001 | Test Error 43.47
Train Loss 0.149
Train Loss 1.470
Train Loss 1.524
Train Loss 1.481
Train Loss 1.504
Train Loss 1.544
Train Loss 1.545
Train Loss 1.502
Epoch  56 | Time    48 | Train Loss 1.5064 | Test Loss 0.001 | Test Error 45.11
Train Loss 0.148
Train Loss 1.529
Train Loss 1.520
Train Loss 1.496
Train Loss 1.491
Train Loss 1.511
Train Loss 1.493
Train Loss 1.491
Epoch  57 | Time    48 | Train Loss 1.5214 | Test Loss 0.001 | Test Error 43.32
Train Loss 0.164
Train Loss 1.475
Train Loss 1.545
Train Loss 1.488
Train Loss 1.509
Train Loss 1.507
Train Loss 1.495
Train Loss 1.489
Epoch  58 | Time    48 | Train Loss 1.5055 | Test Loss 0.001 | Test Error 43.65
Train Loss 0.158
Train Loss 1.490
Train Loss 1.463
Train Loss 1.497
Train Loss 1.481
Train Loss 1.512
Train Loss 1.494
Train Loss 1.473
Epoch  59 | Time    48 | Train Loss 1.5008 | Test Loss 0.001 | Test Error 43.12
Train Loss 0.143
Train Loss 1.449
Train Loss 1.488
Train Loss 1.491
Train Loss 1.475
Train Loss 1.502
Train Loss 1.511
Train Loss 1.505
Epoch  60 | Time    48 | Train Loss 1.4968 | Test Loss 0.001 | Test Error 43.98
Train Loss 0.163
Train Loss 1.494
Train Loss 1.489
Train Loss 1.495
Train Loss 1.485
Train Loss 1.466
Train Loss 1.463
Train Loss 1.479
Epoch  61 | Time    48 | Train Loss 1.4984 | Test Loss 0.001 | Test Error 44.70
Train Loss 0.150
Train Loss 1.476
Train Loss 1.497
Train Loss 1.501
Train Loss 1.512
Train Loss 1.491
Train Loss 1.488
Train Loss 1.507
Epoch  62 | Time    48 | Train Loss 1.4867 | Test Loss 0.001 | Test Error 42.34
Train Loss 0.143
Train Loss 1.460
Train Loss 1.480
Train Loss 1.495
Train Loss 1.476
Train Loss 1.468
Train Loss 1.462
Train Loss 1.448
Epoch  63 | Time    48 | Train Loss 1.4779 | Test Loss 0.001 | Test Error 42.12
Train Loss 0.154
Train Loss 1.486
Train Loss 1.479
Train Loss 1.485
Train Loss 1.474
Train Loss 1.468
Train Loss 1.466
Train Loss 1.466
Epoch  64 | Time    48 | Train Loss 1.5150 | Test Loss 0.001 | Test Error 44.73
Train Loss 0.153
Train Loss 1.461
Train Loss 1.478
Train Loss 1.495
Train Loss 1.491
Train Loss 1.466
Train Loss 1.478
Train Loss 1.445
Epoch  65 | Time    48 | Train Loss 1.5175 | Test Loss 0.001 | Test Error 41.96
Train Loss 0.158
Train Loss 1.508
Train Loss 1.477
Train Loss 1.444
Train Loss 1.457
Train Loss 1.458
Train Loss 1.469
Train Loss 1.427
Epoch  66 | Time    48 | Train Loss 1.4740 | Test Loss 0.001 | Test Error 42.33
Train Loss 0.146
Train Loss 1.457
Train Loss 1.478
Train Loss 1.464
Train Loss 1.500
Train Loss 1.435
Train Loss 1.475
Train Loss 1.457
Epoch  67 | Time    48 | Train Loss 1.4607 | Test Loss 0.001 | Test Error 41.33
Train Loss 0.146
Train Loss 1.427
Train Loss 1.491
Train Loss 1.476
Train Loss 1.470
Train Loss 1.472
Train Loss 1.498
Train Loss 1.461
Epoch  68 | Time    48 | Train Loss 1.4594 | Test Loss 0.001 | Test Error 40.78
Train Loss 0.150
Train Loss 1.410
Train Loss 1.437
Train Loss 1.444
Train Loss 1.438
Train Loss 1.465
Train Loss 1.477
Train Loss 1.435
Epoch  69 | Time    48 | Train Loss 1.4408 | Test Loss 0.001 | Test Error 41.35
Train Loss 0.154
Train Loss 1.456
Train Loss 1.441
Train Loss 1.461
Train Loss 1.472
Train Loss 1.465
Train Loss 1.462
Train Loss 1.448
Epoch  70 | Time    48 | Train Loss 1.4932 | Test Loss 0.001 | Test Error 41.65
Train Loss 0.150
Train Loss 1.443
Train Loss 1.459
Train Loss 1.419
Train Loss 1.431
Train Loss 1.423
Train Loss 1.461
Train Loss 1.437
Epoch  71 | Time    48 | Train Loss 1.4249 | Test Loss 0.001 | Test Error 40.24
Train Loss 0.131
Train Loss 1.462
Train Loss 1.445
Train Loss 1.486
Train Loss 1.444
Train Loss 1.434
Train Loss 1.474
Train Loss 1.414
Epoch  72 | Time    48 | Train Loss 1.4455 | Test Loss 0.001 | Test Error 41.12
Train Loss 0.137
Train Loss 1.427
Train Loss 1.429
Train Loss 1.422
Train Loss 1.413
Train Loss 1.455
Train Loss 1.439
Train Loss 1.463
Epoch  73 | Time    48 | Train Loss 1.4045 | Test Loss 0.001 | Test Error 40.73
Train Loss 0.143
Train Loss 1.440
Train Loss 1.439
Train Loss 1.415
Train Loss 1.417
Train Loss 1.457
Train Loss 1.451
Train Loss 1.462
Epoch  74 | Time    48 | Train Loss 1.4165 | Test Loss 0.001 | Test Error 40.16
Train Loss 0.135
Train Loss 1.449
Train Loss 1.438
Train Loss 1.457
Train Loss 1.443
Train Loss 1.380
Train Loss 1.473
Train Loss 1.417
Epoch  75 | Time    48 | Train Loss 1.4368 | Test Loss 0.001 | Test Error 40.68
Train Loss 0.137
Train Loss 1.417
Train Loss 1.443
Train Loss 1.459
Train Loss 1.435
Train Loss 1.423
Train Loss 1.432
Train Loss 1.419
Epoch  76 | Time    48 | Train Loss 1.4176 | Test Loss 0.001 | Test Error 39.20
Train Loss 0.146
Train Loss 1.446
Train Loss 1.455
Train Loss 1.417
Train Loss 1.445
Train Loss 1.428
Train Loss 1.395
Train Loss 1.432
Epoch  77 | Time    48 | Train Loss 1.4284 | Test Loss 0.001 | Test Error 40.87
Train Loss 0.141
Train Loss 1.400
Train Loss 1.403
Train Loss 1.413
Train Loss 1.437
Train Loss 1.405
Train Loss 1.373
Train Loss 1.423
Epoch  78 | Time    48 | Train Loss 1.3981 | Test Loss 0.001 | Test Error 40.24
Train Loss 0.149
Train Loss 1.458
Train Loss 1.404
Train Loss 1.437
Train Loss 1.399
Train Loss 1.411
Train Loss 1.407
Train Loss 1.398
Epoch  79 | Time    48 | Train Loss 1.3842 | Test Loss 0.001 | Test Error 38.81
Train Loss 0.139
Train Loss 1.398
Train Loss 1.397
Train Loss 1.412
Train Loss 1.423
Train Loss 1.415
Train Loss 1.400
Train Loss 1.380
Epoch  80 | Time    48 | Train Loss 1.4195 | Test Loss 0.001 | Test Error 39.52
Train Loss 0.140
Train Loss 1.396
Train Loss 1.395
Train Loss 1.407
Train Loss 1.398
Train Loss 1.397
Train Loss 1.377
Train Loss 1.396
Epoch  81 | Time    48 | Train Loss 1.4253 | Test Loss 0.001 | Test Error 39.18
Train Loss 0.137
Train Loss 1.388
Train Loss 1.402
Train Loss 1.389
Train Loss 1.416
Train Loss 1.390
Train Loss 1.397
Train Loss 1.391
Epoch  82 | Time    48 | Train Loss 1.4043 | Test Loss 0.001 | Test Error 39.49
Train Loss 0.147
Train Loss 1.370
Train Loss 1.397
Train Loss 1.403
Train Loss 1.427
Train Loss 1.405
Train Loss 1.381
Train Loss 1.377
Epoch  83 | Time    48 | Train Loss 1.4182 | Test Loss 0.001 | Test Error 38.80
Train Loss 0.137
Train Loss 1.393
Train Loss 1.411
Train Loss 1.395
Train Loss 1.371
Train Loss 1.366
Train Loss 1.372
Train Loss 1.366
Epoch  84 | Time    48 | Train Loss 1.3726 | Test Loss 0.001 | Test Error 38.44
Train Loss 0.137
Train Loss 1.395
Train Loss 1.383
Train Loss 1.389
Train Loss 1.397
Train Loss 1.412
Train Loss 1.374
Train Loss 1.361
Epoch  85 | Time    48 | Train Loss 1.3912 | Test Loss 0.001 | Test Error 37.78
Train Loss 0.126
Train Loss 1.380
Train Loss 1.385
Train Loss 1.393
Train Loss 1.385
Train Loss 1.388
Train Loss 1.363
Train Loss 1.386
Epoch  86 | Time    48 | Train Loss 1.3632 | Test Loss 0.001 | Test Error 37.87
Train Loss 0.140
Train Loss 1.388
Train Loss 1.381
Train Loss 1.379
Train Loss 1.359
Train Loss 1.393
Train Loss 1.344
Train Loss 1.388
Epoch  87 | Time    48 | Train Loss 1.3597 | Test Loss 0.001 | Test Error 38.18
Train Loss 0.142
Train Loss 1.357
Train Loss 1.367
Train Loss 1.404
Train Loss 1.371
Train Loss 1.370
Train Loss 1.368
Train Loss 1.383
Epoch  88 | Time    48 | Train Loss 1.3852 | Test Loss 0.001 | Test Error 37.99
Train Loss 0.135
Train Loss 1.346
Train Loss 1.379
Train Loss 1.351
Train Loss 1.393
Train Loss 1.366
Train Loss 1.377
Train Loss 1.367
Epoch  89 | Time    48 | Train Loss 1.3683 | Test Loss 0.001 | Test Error 38.49
Train Loss 0.153
Train Loss 1.337
Train Loss 1.383
Train Loss 1.347
Train Loss 1.350
Train Loss 1.361
Train Loss 1.379
Train Loss 1.354
Epoch  90 | Time    48 | Train Loss 1.3650 | Test Loss 0.001 | Test Error 38.27
Train Loss 0.138
Train Loss 1.317
Train Loss 1.364
Train Loss 1.375
Train Loss 1.371
Train Loss 1.355
Train Loss 1.335
Train Loss 1.355
Epoch  91 | Time    48 | Train Loss 1.3454 | Test Loss 0.001 | Test Error 37.42
Train Loss 0.123
Train Loss 1.341
Train Loss 1.348
Train Loss 1.348
Train Loss 1.379
Train Loss 1.383
Train Loss 1.369
Train Loss 1.358
Epoch  92 | Time    48 | Train Loss 1.3657 | Test Loss 0.001 | Test Error 37.18
Train Loss 0.131
Train Loss 1.311
Train Loss 1.348
Train Loss 1.383
Train Loss 1.330
Train Loss 1.374
Train Loss 1.363
Train Loss 1.362
Epoch  93 | Time    48 | Train Loss 1.3402 | Test Loss 0.001 | Test Error 36.90
Train Loss 0.126
Train Loss 1.314
Train Loss 1.340
Train Loss 1.370
Train Loss 1.365
Train Loss 1.336
Train Loss 1.362
Train Loss 1.342
Epoch  94 | Time    48 | Train Loss 1.3478 | Test Loss 0.001 | Test Error 36.81
Train Loss 0.128
Train Loss 1.352
Train Loss 1.384
Train Loss 1.346
Train Loss 1.319
Train Loss 1.351
Train Loss 1.378
Train Loss 1.372
Epoch  95 | Time    48 | Train Loss 1.3258 | Test Loss 0.001 | Test Error 37.00
Train Loss 0.124
Train Loss 1.350
Train Loss 1.363
Train Loss 1.372
Train Loss 1.337
Train Loss 1.324
Train Loss 1.327
Train Loss 1.367
Epoch  96 | Time    48 | Train Loss 1.3437 | Test Loss 0.001 | Test Error 36.89
Train Loss 0.139
Train Loss 1.374
Train Loss 1.320
Train Loss 1.330
Train Loss 1.352
Train Loss 1.341
Train Loss 1.331
Train Loss 1.301
Epoch  97 | Time    48 | Train Loss 1.3367 | Test Loss 0.001 | Test Error 36.74
Train Loss 0.128
Train Loss 1.314
Train Loss 1.330
Train Loss 1.376
Train Loss 1.378
Train Loss 1.319
Train Loss 1.349
Train Loss 1.347
Epoch  98 | Time    48 | Train Loss 1.3725 | Test Loss 0.001 | Test Error 36.70
Train Loss 0.125
Train Loss 1.341
Train Loss 1.371
Train Loss 1.329
Train Loss 1.321
Train Loss 1.342
Train Loss 1.351
Train Loss 1.374
Epoch  99 | Time    48 | Train Loss 1.3425 | Test Loss 0.001 | Test Error 36.69
Train Loss 0.127
Train Loss 1.371
Train Loss 1.362
Train Loss 1.315
Train Loss 1.340
Train Loss 1.332
Train Loss 1.335
Train Loss 1.362
Epoch 100 | Time    48 | Train Loss 1.3244 | Test Loss 0.001 | Test Error 36.64
gaussian_noise
	Test Loss 0.001 | Test Error 39.522
shot_noise
	Test Loss 0.001 | Test Error 38.592
impulse_noise
	Test Loss 0.001 | Test Error 42.400
defocus_blur
	Test Loss 0.001 | Test Error 38.780
glass_blur
	Test Loss 0.001 | Test Error 41.006
motion_blur
	Test Loss 0.001 | Test Error 41.584
zoom_blur
	Test Loss 0.001 | Test Error 39.808
snow
	Test Loss 0.001 | Test Error 41.966
frost
	Test Loss 0.001 | Test Error 45.702
fog
	Test Loss 0.001 | Test Error 47.514
brightness
	Test Loss 0.001 | Test Error 40.528
contrast
	Test Loss 0.002 | Test Error 56.382
elastic_transform
	Test Loss 0.001 | Test Error 40.730
pixelate
	Test Loss 0.001 | Test Error 37.492
jpeg_compression
	Test Loss 0.001 | Test Error 38.010
Mean Corruption Error: 42.001
