Files already downloaded and verified
Files already downloaded and verified
Beginning training from epoch: 1
Train Loss 0.237
Train Loss 1.972
Train Loss 1.824
Train Loss 1.680
Train Loss 1.585
Train Loss 1.502
Train Loss 1.437
Train Loss 1.352
Epoch   1 | Time    36 | Train Loss 1.2928 | Test Loss 0.001 | Test Error 40.67
Train Loss 0.124
Train Loss 1.237
Train Loss 1.228
Train Loss 1.150
Train Loss 1.143
Train Loss 1.095
Train Loss 1.083
Train Loss 1.073
Epoch   2 | Time    34 | Train Loss 1.0396 | Test Loss 0.001 | Test Error 39.42
Train Loss 0.119
Train Loss 1.032
Train Loss 0.996
Train Loss 0.968
Train Loss 0.936
Train Loss 0.933
Train Loss 0.937
Train Loss 0.902
Epoch   3 | Time    34 | Train Loss 0.8847 | Test Loss 0.001 | Test Error 27.37
Train Loss 0.087
Train Loss 0.884
Train Loss 0.867
Train Loss 0.889
Train Loss 0.836
Train Loss 0.840
Train Loss 0.823
Train Loss 0.852
Epoch   4 | Time    34 | Train Loss 0.8230 | Test Loss 0.001 | Test Error 27.34
Train Loss 0.084
Train Loss 0.799
Train Loss 0.813
Train Loss 0.829
Train Loss 0.797
Train Loss 0.841
Train Loss 0.805
Train Loss 0.757
Epoch   5 | Time    34 | Train Loss 0.7988 | Test Loss 0.001 | Test Error 26.58
Train Loss 0.077
Train Loss 0.771
Train Loss 0.742
Train Loss 0.779
Train Loss 0.773
Train Loss 0.760
Train Loss 0.782
Train Loss 0.783
Epoch   6 | Time    34 | Train Loss 0.7679 | Test Loss 0.001 | Test Error 22.20
Train Loss 0.066
Train Loss 0.749
Train Loss 0.763
Train Loss 0.761
Train Loss 0.722
Train Loss 0.752
Train Loss 0.722
Train Loss 0.759
Epoch   7 | Time    34 | Train Loss 0.7347 | Test Loss 0.001 | Test Error 20.51
Train Loss 0.071
Train Loss 0.737
Train Loss 0.689
Train Loss 0.699
Train Loss 0.718
Train Loss 0.708
Train Loss 0.712
Train Loss 0.742
Epoch   8 | Time    34 | Train Loss 0.6928 | Test Loss 0.001 | Test Error 20.36
Train Loss 0.066
Train Loss 0.711
Train Loss 0.716
Train Loss 0.733
Train Loss 0.713
Train Loss 0.695
Train Loss 0.711
Train Loss 0.701
Epoch   9 | Time    34 | Train Loss 0.6570 | Test Loss 0.001 | Test Error 19.82
Train Loss 0.065
Train Loss 0.711
Train Loss 0.661
Train Loss 0.722
Train Loss 0.687
Train Loss 0.692
Train Loss 0.714
Train Loss 0.688
Epoch  10 | Time    34 | Train Loss 0.6977 | Test Loss 0.001 | Test Error 19.23
Train Loss 0.074
Train Loss 0.683
Train Loss 0.652
Train Loss 0.667
Train Loss 0.666
Train Loss 0.685
Train Loss 0.674
Train Loss 0.669
Epoch  11 | Time    34 | Train Loss 0.6665 | Test Loss 0.001 | Test Error 16.77
Train Loss 0.060
Train Loss 0.658
Train Loss 0.668
Train Loss 0.643
Train Loss 0.671
Train Loss 0.637
Train Loss 0.682
Train Loss 0.677
Epoch  12 | Time    34 | Train Loss 0.6594 | Test Loss 0.001 | Test Error 17.15
Train Loss 0.065
Train Loss 0.642
Train Loss 0.640
Train Loss 0.636
Train Loss 0.647
Train Loss 0.652
Train Loss 0.645
Train Loss 0.649
Epoch  13 | Time    34 | Train Loss 0.6532 | Test Loss 0.001 | Test Error 21.49
Train Loss 0.059
Train Loss 0.654
Train Loss 0.640
Train Loss 0.645
Train Loss 0.612
Train Loss 0.660
Train Loss 0.657
Train Loss 0.680
Epoch  14 | Time    34 | Train Loss 0.6312 | Test Loss 0.001 | Test Error 21.52
Train Loss 0.076
Train Loss 0.611
Train Loss 0.655
Train Loss 0.642
Train Loss 0.598
Train Loss 0.643
Train Loss 0.606
Train Loss 0.656
Epoch  15 | Time    34 | Train Loss 0.6022 | Test Loss 0.001 | Test Error 18.73
Train Loss 0.060
Train Loss 0.632
Train Loss 0.620
Train Loss 0.607
Train Loss 0.620
Train Loss 0.586
Train Loss 0.628
Train Loss 0.609
Epoch  16 | Time    34 | Train Loss 0.5942 | Test Loss 0.001 | Test Error 16.70
Train Loss 0.067
Train Loss 0.575
Train Loss 0.614
Train Loss 0.611
Train Loss 0.634
Train Loss 0.656
Train Loss 0.600
Train Loss 0.598
Epoch  17 | Time    34 | Train Loss 0.5919 | Test Loss 0.000 | Test Error 16.59
Train Loss 0.057
Train Loss 0.586
Train Loss 0.617
Train Loss 0.627
Train Loss 0.611
Train Loss 0.650
Train Loss 0.606
Train Loss 0.600
Epoch  18 | Time    34 | Train Loss 0.6046 | Test Loss 0.001 | Test Error 17.20
Train Loss 0.058
Train Loss 0.624
Train Loss 0.583
Train Loss 0.600
Train Loss 0.560
Train Loss 0.592
Train Loss 0.637
Train Loss 0.623
Epoch  19 | Time    34 | Train Loss 0.6209 | Test Loss 0.001 | Test Error 20.21
Train Loss 0.059
Train Loss 0.593
Train Loss 0.633
Train Loss 0.603
Train Loss 0.587
Train Loss 0.599
Train Loss 0.591
Train Loss 0.597
Epoch  20 | Time    34 | Train Loss 0.5572 | Test Loss 0.000 | Test Error 17.11
Train Loss 0.063
Train Loss 0.603
Train Loss 0.577
Train Loss 0.576
Train Loss 0.562
Train Loss 0.614
Train Loss 0.616
Train Loss 0.574
Epoch  21 | Time    34 | Train Loss 0.6041 | Test Loss 0.000 | Test Error 14.78
Train Loss 0.049
Train Loss 0.591
Train Loss 0.571
Train Loss 0.607
Train Loss 0.582
Train Loss 0.586
Train Loss 0.636
Train Loss 0.589
Epoch  22 | Time    34 | Train Loss 0.6074 | Test Loss 0.000 | Test Error 14.86
Train Loss 0.057
Train Loss 0.575
Train Loss 0.570
Train Loss 0.593
Train Loss 0.595
Train Loss 0.570
Train Loss 0.591
Train Loss 0.607
Epoch  23 | Time    34 | Train Loss 0.5678 | Test Loss 0.000 | Test Error 15.84
Train Loss 0.067
Train Loss 0.521
Train Loss 0.596
Train Loss 0.603
Train Loss 0.579
Train Loss 0.587
Train Loss 0.563
Train Loss 0.539
Epoch  24 | Time    34 | Train Loss 0.5672 | Test Loss 0.001 | Test Error 18.69
Train Loss 0.064
Train Loss 0.506
Train Loss 0.547
Train Loss 0.554
Train Loss 0.573
Train Loss 0.558
Train Loss 0.546
Train Loss 0.586
Epoch  25 | Time    34 | Train Loss 0.5726 | Test Loss 0.001 | Test Error 17.02
Train Loss 0.044
Train Loss 0.570
Train Loss 0.564
Train Loss 0.585
Train Loss 0.548
Train Loss 0.570
Train Loss 0.572
Train Loss 0.587
Epoch  26 | Time    34 | Train Loss 0.5798 | Test Loss 0.000 | Test Error 13.43
Train Loss 0.052
Train Loss 0.555
Train Loss 0.529
Train Loss 0.574
Train Loss 0.562
Train Loss 0.562
Train Loss 0.572
Train Loss 0.601
Epoch  27 | Time    34 | Train Loss 0.5482 | Test Loss 0.000 | Test Error 13.64
Train Loss 0.051
Train Loss 0.512
Train Loss 0.543
Train Loss 0.550
Train Loss 0.537
Train Loss 0.574
Train Loss 0.530
Train Loss 0.548
Epoch  28 | Time    34 | Train Loss 0.5707 | Test Loss 0.000 | Test Error 15.07
Train Loss 0.044
Train Loss 0.537
Train Loss 0.550
Train Loss 0.547
Train Loss 0.539
Train Loss 0.531
Train Loss 0.579
Train Loss 0.508
Epoch  29 | Time    34 | Train Loss 0.5470 | Test Loss 0.000 | Test Error 14.52
Train Loss 0.063
Train Loss 0.549
Train Loss 0.511
Train Loss 0.549
Train Loss 0.555
Train Loss 0.535
Train Loss 0.544
Train Loss 0.525
Epoch  30 | Time    34 | Train Loss 0.5364 | Test Loss 0.001 | Test Error 17.19
Train Loss 0.052
Train Loss 0.520
Train Loss 0.556
Train Loss 0.568
Train Loss 0.527
Train Loss 0.588
Train Loss 0.522
Train Loss 0.540
Epoch  31 | Time    34 | Train Loss 0.5312 | Test Loss 0.000 | Test Error 14.37
Train Loss 0.066
Train Loss 0.566
Train Loss 0.535
Train Loss 0.520
Train Loss 0.521
Train Loss 0.541
Train Loss 0.548
Train Loss 0.516
Epoch  32 | Time    34 | Train Loss 0.5642 | Test Loss 0.000 | Test Error 15.54
Train Loss 0.058
Train Loss 0.523
Train Loss 0.520
Train Loss 0.494
Train Loss 0.541
Train Loss 0.564
Train Loss 0.521
Train Loss 0.527
Epoch  33 | Time    34 | Train Loss 0.4957 | Test Loss 0.000 | Test Error 12.67
Train Loss 0.043
Train Loss 0.523
Train Loss 0.533
Train Loss 0.541
Train Loss 0.541
Train Loss 0.541
Train Loss 0.531
Train Loss 0.504
Epoch  34 | Time    34 | Train Loss 0.5589 | Test Loss 0.000 | Test Error 13.95
Train Loss 0.060
Train Loss 0.529
Train Loss 0.517
Train Loss 0.511
Train Loss 0.544
Train Loss 0.507
Train Loss 0.548
Train Loss 0.530
Epoch  35 | Time    34 | Train Loss 0.5483 | Test Loss 0.000 | Test Error 16.07
Train Loss 0.049
Train Loss 0.520
Train Loss 0.540
Train Loss 0.529
Train Loss 0.519
Train Loss 0.517
Train Loss 0.500
Train Loss 0.518
Epoch  36 | Time    34 | Train Loss 0.5365 | Test Loss 0.000 | Test Error 14.67
Train Loss 0.040
Train Loss 0.505
Train Loss 0.512
Train Loss 0.566
Train Loss 0.572
Train Loss 0.493
Train Loss 0.540
Train Loss 0.508
Epoch  37 | Time    34 | Train Loss 0.5136 | Test Loss 0.000 | Test Error 13.49
Train Loss 0.054
Train Loss 0.488
Train Loss 0.483
Train Loss 0.542
Train Loss 0.509
Train Loss 0.529
Train Loss 0.507
Train Loss 0.492
Epoch  38 | Time    34 | Train Loss 0.5292 | Test Loss 0.000 | Test Error 12.73
Train Loss 0.056
Train Loss 0.499
Train Loss 0.490
Train Loss 0.514
Train Loss 0.507
Train Loss 0.507
Train Loss 0.501
Train Loss 0.492
Epoch  39 | Time    34 | Train Loss 0.5172 | Test Loss 0.000 | Test Error 12.13
Train Loss 0.056
Train Loss 0.485
Train Loss 0.545
Train Loss 0.495
Train Loss 0.521
Train Loss 0.467
Train Loss 0.529
Train Loss 0.505
Epoch  40 | Time    34 | Train Loss 0.4929 | Test Loss 0.000 | Test Error 14.50
Train Loss 0.045
Train Loss 0.447
Train Loss 0.485
Train Loss 0.480
Train Loss 0.503
Train Loss 0.481
Train Loss 0.474
Train Loss 0.514
Epoch  41 | Time    34 | Train Loss 0.4958 | Test Loss 0.000 | Test Error 12.12
Train Loss 0.046
Train Loss 0.462
Train Loss 0.515
Train Loss 0.463
Train Loss 0.503
Train Loss 0.495
Train Loss 0.488
Train Loss 0.498
Epoch  42 | Time    34 | Train Loss 0.5209 | Test Loss 0.000 | Test Error 11.58
Train Loss 0.042
Train Loss 0.460
Train Loss 0.498
Train Loss 0.475
Train Loss 0.501
Train Loss 0.526
Train Loss 0.472
Train Loss 0.489
Epoch  43 | Time    34 | Train Loss 0.5100 | Test Loss 0.000 | Test Error 11.89
Train Loss 0.044
Train Loss 0.476
Train Loss 0.489
Train Loss 0.487
Train Loss 0.491
Train Loss 0.459
Train Loss 0.485
Train Loss 0.492
Epoch  44 | Time    34 | Train Loss 0.4780 | Test Loss 0.000 | Test Error 12.41
Train Loss 0.039
Train Loss 0.470
Train Loss 0.456
Train Loss 0.496
Train Loss 0.530
Train Loss 0.488
Train Loss 0.487
Train Loss 0.473
Epoch  45 | Time    34 | Train Loss 0.4900 | Test Loss 0.000 | Test Error 13.55
Train Loss 0.046
Train Loss 0.461
Train Loss 0.467
Train Loss 0.463
Train Loss 0.484
Train Loss 0.471
Train Loss 0.514
Train Loss 0.497
Epoch  46 | Time    34 | Train Loss 0.4916 | Test Loss 0.000 | Test Error 13.08
Train Loss 0.056
Train Loss 0.439
Train Loss 0.500
Train Loss 0.470
Train Loss 0.453
Train Loss 0.476
Train Loss 0.503
Train Loss 0.469
Epoch  47 | Time    34 | Train Loss 0.4532 | Test Loss 0.000 | Test Error 12.13
Train Loss 0.049
Train Loss 0.454
Train Loss 0.463
Train Loss 0.462
Train Loss 0.512
Train Loss 0.463
Train Loss 0.493
Train Loss 0.478
Epoch  48 | Time    34 | Train Loss 0.4557 | Test Loss 0.000 | Test Error 12.64
Train Loss 0.046
Train Loss 0.452
Train Loss 0.428
Train Loss 0.461
Train Loss 0.463
Train Loss 0.438
Train Loss 0.512
Train Loss 0.429
Epoch  49 | Time    34 | Train Loss 0.4906 | Test Loss 0.000 | Test Error 12.34
Train Loss 0.042
Train Loss 0.449
Train Loss 0.461
Train Loss 0.435
Train Loss 0.443
Train Loss 0.446
Train Loss 0.447
Train Loss 0.448
Epoch  50 | Time    34 | Train Loss 0.4735 | Test Loss 0.000 | Test Error 11.20
Train Loss 0.047
Train Loss 0.440
Train Loss 0.438
Train Loss 0.441
Train Loss 0.443
Train Loss 0.443
Train Loss 0.475
Train Loss 0.479
Epoch  51 | Time    34 | Train Loss 0.4400 | Test Loss 0.000 | Test Error 10.83
Train Loss 0.040
Train Loss 0.441
Train Loss 0.446
Train Loss 0.450
Train Loss 0.469
Train Loss 0.466
Train Loss 0.436
Train Loss 0.443
Epoch  52 | Time    34 | Train Loss 0.4251 | Test Loss 0.000 | Test Error 11.84
Train Loss 0.050
Train Loss 0.447
Train Loss 0.416
Train Loss 0.448
Train Loss 0.451
Train Loss 0.446
Train Loss 0.420
Train Loss 0.432
Epoch  53 | Time    34 | Train Loss 0.4496 | Test Loss 0.000 | Test Error 10.68
Train Loss 0.036
Train Loss 0.403
Train Loss 0.417
Train Loss 0.414
Train Loss 0.427
Train Loss 0.429
Train Loss 0.466
Train Loss 0.428
Epoch  54 | Time    34 | Train Loss 0.4333 | Test Loss 0.000 | Test Error 10.35
Train Loss 0.034
Train Loss 0.439
Train Loss 0.413
Train Loss 0.431
Train Loss 0.436
Train Loss 0.461
Train Loss 0.419
Train Loss 0.411
Epoch  55 | Time    34 | Train Loss 0.4579 | Test Loss 0.000 | Test Error 13.45
Train Loss 0.037
Train Loss 0.399
Train Loss 0.395
Train Loss 0.447
Train Loss 0.432
Train Loss 0.424
Train Loss 0.413
Train Loss 0.417
Epoch  56 | Time    34 | Train Loss 0.4245 | Test Loss 0.000 | Test Error 10.76
Train Loss 0.036
Train Loss 0.422
Train Loss 0.413
Train Loss 0.433
Train Loss 0.410
Train Loss 0.416
Train Loss 0.424
Train Loss 0.428
Epoch  57 | Time    34 | Train Loss 0.4294 | Test Loss 0.000 | Test Error 11.15
Train Loss 0.040
Train Loss 0.410
Train Loss 0.407
Train Loss 0.414
Train Loss 0.407
Train Loss 0.411
Train Loss 0.430
Train Loss 0.405
Epoch  58 | Time    34 | Train Loss 0.3905 | Test Loss 0.000 | Test Error 10.25
Train Loss 0.036
Train Loss 0.383
Train Loss 0.400
Train Loss 0.380
Train Loss 0.383
Train Loss 0.409
Train Loss 0.397
Train Loss 0.389
Epoch  59 | Time    34 | Train Loss 0.4233 | Test Loss 0.000 | Test Error 10.35
Train Loss 0.045
Train Loss 0.394
Train Loss 0.375
Train Loss 0.404
Train Loss 0.419
Train Loss 0.429
Train Loss 0.388
Train Loss 0.393
Epoch  60 | Time    34 | Train Loss 0.4228 | Test Loss 0.000 | Test Error 9.30
Train Loss 0.048
Train Loss 0.388
Train Loss 0.343
Train Loss 0.396
Train Loss 0.406
Train Loss 0.410
Train Loss 0.358
Train Loss 0.372
Epoch  61 | Time    34 | Train Loss 0.3685 | Test Loss 0.000 | Test Error 9.60
Train Loss 0.036
Train Loss 0.404
Train Loss 0.346
Train Loss 0.355
Train Loss 0.421
Train Loss 0.385
Train Loss 0.366
Train Loss 0.374
Epoch  62 | Time    34 | Train Loss 0.4018 | Test Loss 0.000 | Test Error 9.01
Train Loss 0.045
Train Loss 0.361
Train Loss 0.360
Train Loss 0.385
Train Loss 0.385
Train Loss 0.389
Train Loss 0.374
Train Loss 0.374
Epoch  63 | Time    34 | Train Loss 0.3594 | Test Loss 0.000 | Test Error 9.52
Train Loss 0.033
Train Loss 0.376
Train Loss 0.366
Train Loss 0.352
Train Loss 0.381
Train Loss 0.382
Train Loss 0.396
Train Loss 0.356
Epoch  64 | Time    34 | Train Loss 0.3588 | Test Loss 0.000 | Test Error 9.09
Train Loss 0.032
Train Loss 0.360
Train Loss 0.353
Train Loss 0.368
Train Loss 0.356
Train Loss 0.336
Train Loss 0.377
Train Loss 0.361
Epoch  65 | Time    34 | Train Loss 0.3646 | Test Loss 0.000 | Test Error 8.85
Train Loss 0.027
Train Loss 0.336
Train Loss 0.358
Train Loss 0.354
Train Loss 0.355
Train Loss 0.351
Train Loss 0.351
Train Loss 0.370
Epoch  66 | Time    34 | Train Loss 0.3865 | Test Loss 0.000 | Test Error 8.90
Train Loss 0.027
Train Loss 0.323
Train Loss 0.341
Train Loss 0.344
Train Loss 0.368
Train Loss 0.320
Train Loss 0.373
Train Loss 0.329
Epoch  67 | Time    34 | Train Loss 0.3854 | Test Loss 0.000 | Test Error 8.74
Train Loss 0.054
Train Loss 0.330
Train Loss 0.337
Train Loss 0.349
Train Loss 0.353
Train Loss 0.358
Train Loss 0.353
Train Loss 0.344
Epoch  68 | Time    34 | Train Loss 0.3409 | Test Loss 0.000 | Test Error 9.02
Train Loss 0.042
Train Loss 0.317
Train Loss 0.321
Train Loss 0.340
Train Loss 0.337
Train Loss 0.352
Train Loss 0.309
Train Loss 0.335
Epoch  69 | Time    34 | Train Loss 0.3088 | Test Loss 0.000 | Test Error 9.15
Train Loss 0.031
Train Loss 0.288
Train Loss 0.335
Train Loss 0.347
Train Loss 0.348
Train Loss 0.338
Train Loss 0.368
Train Loss 0.331
Epoch  70 | Time    34 | Train Loss 0.3509 | Test Loss 0.000 | Test Error 7.91
Train Loss 0.023
Train Loss 0.279
Train Loss 0.309
Train Loss 0.318
Train Loss 0.325
Train Loss 0.341
Train Loss 0.348
Train Loss 0.312
Epoch  71 | Time    34 | Train Loss 0.3376 | Test Loss 0.000 | Test Error 8.35
Train Loss 0.045
Train Loss 0.295
Train Loss 0.307
Train Loss 0.301
Train Loss 0.321
Train Loss 0.321
Train Loss 0.355
Train Loss 0.320
Epoch  72 | Time    34 | Train Loss 0.3046 | Test Loss 0.000 | Test Error 7.82
Train Loss 0.028
Train Loss 0.295
Train Loss 0.295
Train Loss 0.301
Train Loss 0.298
Train Loss 0.321
Train Loss 0.318
Train Loss 0.317
Epoch  73 | Time    34 | Train Loss 0.3171 | Test Loss 0.000 | Test Error 7.96
Train Loss 0.025
Train Loss 0.285
Train Loss 0.304
Train Loss 0.308
Train Loss 0.324
Train Loss 0.310
Train Loss 0.330
Train Loss 0.274
Epoch  74 | Time    34 | Train Loss 0.3078 | Test Loss 0.000 | Test Error 7.77
Train Loss 0.036
Train Loss 0.287
Train Loss 0.296
Train Loss 0.294
Train Loss 0.299
Train Loss 0.306
Train Loss 0.308
Train Loss 0.251
Epoch  75 | Time    34 | Train Loss 0.2862 | Test Loss 0.000 | Test Error 8.13
Train Loss 0.034
Train Loss 0.289
Train Loss 0.285
Train Loss 0.299
Train Loss 0.290
Train Loss 0.273
Train Loss 0.274
Train Loss 0.287
Epoch  76 | Time    34 | Train Loss 0.2820 | Test Loss 0.000 | Test Error 7.51
Train Loss 0.013
Train Loss 0.248
Train Loss 0.280
Train Loss 0.263
Train Loss 0.271
Train Loss 0.285
Train Loss 0.295
Train Loss 0.284
Epoch  77 | Time    34 | Train Loss 0.2990 | Test Loss 0.000 | Test Error 7.52
Train Loss 0.020
Train Loss 0.263
Train Loss 0.267
Train Loss 0.297
Train Loss 0.264
Train Loss 0.243
Train Loss 0.267
Train Loss 0.256
Epoch  78 | Time    34 | Train Loss 0.2861 | Test Loss 0.000 | Test Error 6.84
Train Loss 0.025
Train Loss 0.253
Train Loss 0.244
Train Loss 0.271
Train Loss 0.247
Train Loss 0.251
Train Loss 0.259
Train Loss 0.278
Epoch  79 | Time    34 | Train Loss 0.2286 | Test Loss 0.000 | Test Error 6.82
Train Loss 0.023
Train Loss 0.264
Train Loss 0.262
Train Loss 0.250
Train Loss 0.224
Train Loss 0.251
Train Loss 0.235
Train Loss 0.261
Epoch  80 | Time    34 | Train Loss 0.2618 | Test Loss 0.000 | Test Error 6.60
Train Loss 0.032
Train Loss 0.232
Train Loss 0.264
Train Loss 0.244
Train Loss 0.226
Train Loss 0.234
Train Loss 0.231
Train Loss 0.238
Epoch  81 | Time    34 | Train Loss 0.2370 | Test Loss 0.000 | Test Error 6.61
Train Loss 0.015
Train Loss 0.243
Train Loss 0.227
Train Loss 0.220
Train Loss 0.224
Train Loss 0.226
Train Loss 0.232
Train Loss 0.241
Epoch  82 | Time    34 | Train Loss 0.2259 | Test Loss 0.000 | Test Error 6.19
Train Loss 0.021
Train Loss 0.194
Train Loss 0.202
Train Loss 0.212
Train Loss 0.205
Train Loss 0.245
Train Loss 0.220
Train Loss 0.214
Epoch  83 | Time    34 | Train Loss 0.2308 | Test Loss 0.000 | Test Error 6.13
Train Loss 0.030
Train Loss 0.188
Train Loss 0.224
Train Loss 0.202
Train Loss 0.242
Train Loss 0.200
Train Loss 0.218
Train Loss 0.189
Epoch  84 | Time    34 | Train Loss 0.1962 | Test Loss 0.000 | Test Error 5.94
Train Loss 0.027
Train Loss 0.182
Train Loss 0.193
Train Loss 0.214
Train Loss 0.188
Train Loss 0.198
Train Loss 0.194
Train Loss 0.195
Epoch  85 | Time    34 | Train Loss 0.2088 | Test Loss 0.000 | Test Error 6.58
Train Loss 0.028
Train Loss 0.179
Train Loss 0.187
Train Loss 0.200
Train Loss 0.193
Train Loss 0.197
Train Loss 0.192
Train Loss 0.179
Epoch  86 | Time    34 | Train Loss 0.1823 | Test Loss 0.000 | Test Error 6.13
Train Loss 0.028
Train Loss 0.178
Train Loss 0.166
Train Loss 0.180
Train Loss 0.193
Train Loss 0.173
Train Loss 0.218
Train Loss 0.162
Epoch  87 | Time    34 | Train Loss 0.1865 | Test Loss 0.000 | Test Error 5.88
Train Loss 0.020
Train Loss 0.172
Train Loss 0.173
Train Loss 0.169
Train Loss 0.181
Train Loss 0.173
Train Loss 0.169
Train Loss 0.159
Epoch  88 | Time    34 | Train Loss 0.1816 | Test Loss 0.000 | Test Error 5.70
Train Loss 0.017
Train Loss 0.172
Train Loss 0.153
Train Loss 0.161
Train Loss 0.167
Train Loss 0.152
Train Loss 0.145
Train Loss 0.162
Epoch  89 | Time    34 | Train Loss 0.1401 | Test Loss 0.000 | Test Error 5.17
Train Loss 0.009
Train Loss 0.131
Train Loss 0.155
Train Loss 0.163
Train Loss 0.142
Train Loss 0.160
Train Loss 0.162
Train Loss 0.165
Epoch  90 | Time    34 | Train Loss 0.1414 | Test Loss 0.000 | Test Error 5.23
Train Loss 0.011
Train Loss 0.149
Train Loss 0.131
Train Loss 0.136
Train Loss 0.129
Train Loss 0.152
Train Loss 0.155
Train Loss 0.130
Epoch  91 | Time    34 | Train Loss 0.1487 | Test Loss 0.000 | Test Error 5.07
Train Loss 0.026
Train Loss 0.123
Train Loss 0.122
Train Loss 0.142
Train Loss 0.116
Train Loss 0.153
Train Loss 0.143
Train Loss 0.121
Epoch  92 | Time    34 | Train Loss 0.1333 | Test Loss 0.000 | Test Error 5.11
Train Loss 0.005
Train Loss 0.141
Train Loss 0.136
Train Loss 0.116
Train Loss 0.121
Train Loss 0.104
Train Loss 0.119
Train Loss 0.109
Epoch  93 | Time    34 | Train Loss 0.1164 | Test Loss 0.000 | Test Error 4.86
Train Loss 0.019
Train Loss 0.112
Train Loss 0.116
Train Loss 0.126
Train Loss 0.121
Train Loss 0.128
Train Loss 0.125
Train Loss 0.114
Epoch  94 | Time    34 | Train Loss 0.1352 | Test Loss 0.000 | Test Error 4.85
Train Loss 0.007
Train Loss 0.123
Train Loss 0.135
Train Loss 0.107
Train Loss 0.113
Train Loss 0.127
Train Loss 0.117
Train Loss 0.100
Epoch  95 | Time    34 | Train Loss 0.1144 | Test Loss 0.000 | Test Error 4.87
Train Loss 0.012
Train Loss 0.107
Train Loss 0.133
Train Loss 0.119
Train Loss 0.120
Train Loss 0.135
Train Loss 0.100
Train Loss 0.102
Epoch  96 | Time    34 | Train Loss 0.1098 | Test Loss 0.000 | Test Error 4.84
Train Loss 0.006
Train Loss 0.116
Train Loss 0.103
Train Loss 0.099
Train Loss 0.111
Train Loss 0.122
Train Loss 0.102
Train Loss 0.119
Epoch  97 | Time    34 | Train Loss 0.1113 | Test Loss 0.000 | Test Error 4.78
Train Loss 0.009
Train Loss 0.114
Train Loss 0.093
Train Loss 0.101
Train Loss 0.107
Train Loss 0.114
Train Loss 0.108
Train Loss 0.108
Epoch  98 | Time    34 | Train Loss 0.1292 | Test Loss 0.000 | Test Error 4.68
Train Loss 0.010
Train Loss 0.107
Train Loss 0.102
Train Loss 0.118
Train Loss 0.113
Train Loss 0.113
Train Loss 0.099
Train Loss 0.100
Epoch  99 | Time    34 | Train Loss 0.1210 | Test Loss 0.000 | Test Error 4.69
Train Loss 0.017
Train Loss 0.115
Train Loss 0.127
Train Loss 0.117
Train Loss 0.112
Train Loss 0.096
Train Loss 0.096
Train Loss 0.123
Epoch 100 | Time    34 | Train Loss 0.0955 | Test Loss 0.000 | Test Error 4.73
gaussian_noise
	Test Loss 0.001 | Test Error 18.848
shot_noise
	Test Loss 0.001 | Test Error 14.124
impulse_noise
	Test Loss 0.000 | Test Error 12.866
defocus_blur
	Test Loss 0.000 | Test Error 5.818
glass_blur
	Test Loss 0.001 | Test Error 19.660
motion_blur
	Test Loss 0.000 | Test Error 7.862
zoom_blur
	Test Loss 0.000 | Test Error 6.936
snow
	Test Loss 0.000 | Test Error 10.716
frost
	Test Loss 0.000 | Test Error 10.448
fog
	Test Loss 0.000 | Test Error 8.326
brightness
	Test Loss 0.000 | Test Error 5.660
contrast
	Test Loss 0.000 | Test Error 9.348
elastic_transform
	Test Loss 0.000 | Test Error 9.702
pixelate
	Test Loss 0.001 | Test Error 13.524
jpeg_compression
	Test Loss 0.000 | Test Error 12.256
Mean Corruption Error: 11.073
