Files already downloaded and verified
Files already downloaded and verified
Beginning training from epoch: 1
/home/g058466/vir_en/env2/lib/python3.7/site-packages/torchvision/models/_utils.py:209: UserWarning: The parameter 'pretrained' is deprecated since 0.13 and will be removed in 0.15, please use 'weights' instead.
  f"The parameter '{pretrained_param}' is deprecated since 0.13 and will be removed in 0.15, "
/home/g058466/vir_en/env2/lib/python3.7/site-packages/torchvision/models/_utils.py:223: UserWarning: Arguments other than a weight enum or `None` for 'weights' are deprecated since 0.13 and will be removed in 0.15. The current behavior is equivalent to passing `weights=ConvNeXt_Tiny_Weights.IMAGENET1K_V1`. You can also use `weights=ConvNeXt_Tiny_Weights.DEFAULT` to get the most up-to-date weights.
  warnings.warn(msg)
Train Loss 0.261
Train Loss 1.546
Train Loss 1.151
Train Loss 0.997
Train Loss 0.847
Train Loss 0.846
Train Loss 0.837
Train Loss 0.772
Epoch   1 | Time    52 | Train Loss 0.7299 | Test Loss 0.000 | Test Error 13.41
Train Loss 0.066
Train Loss 0.677
Train Loss 0.668
Train Loss 0.701
Train Loss 0.669
Train Loss 0.654
Train Loss 0.630
Train Loss 0.611
Epoch   2 | Time    48 | Train Loss 0.6116 | Test Loss 0.000 | Test Error 11.20
Train Loss 0.056
Train Loss 0.604
Train Loss 0.567
Train Loss 0.560
Train Loss 0.566
Train Loss 0.583
Train Loss 0.583
Train Loss 0.566
Epoch   3 | Time    48 | Train Loss 0.5799 | Test Loss 0.000 | Test Error 10.36
Train Loss 0.049
Train Loss 0.540
Train Loss 0.549
Train Loss 0.521
Train Loss 0.541
Train Loss 0.516
Train Loss 0.543
Train Loss 0.534
Epoch   4 | Time    48 | Train Loss 0.5156 | Test Loss 0.000 | Test Error 9.78
Train Loss 0.048
Train Loss 0.486
Train Loss 0.526
Train Loss 0.550
Train Loss 0.540
Train Loss 0.534
Train Loss 0.490
Train Loss 0.502
Epoch   5 | Time    48 | Train Loss 0.5110 | Test Loss 0.000 | Test Error 9.12
Train Loss 0.042
Train Loss 0.522
Train Loss 0.472
Train Loss 0.510
Train Loss 0.494
Train Loss 0.523
Train Loss 0.491
Train Loss 0.516
Epoch   6 | Time    48 | Train Loss 0.5468 | Test Loss 0.000 | Test Error 9.27
Train Loss 0.043
Train Loss 0.476
Train Loss 0.506
Train Loss 0.481
Train Loss 0.485
Train Loss 0.528
Train Loss 0.472
Train Loss 0.516
Epoch   7 | Time    48 | Train Loss 0.5103 | Test Loss 0.000 | Test Error 9.52
Train Loss 0.057
Train Loss 0.482
Train Loss 0.500
Train Loss 0.488
Train Loss 0.508
Train Loss 0.514
Train Loss 0.497
Train Loss 0.515
Epoch   8 | Time    48 | Train Loss 0.5090 | Test Loss 0.000 | Test Error 9.99
Train Loss 0.043
Train Loss 0.481
Train Loss 0.512
Train Loss 0.522
Train Loss 0.524
Train Loss 0.499
Train Loss 0.517
Train Loss 0.535
Epoch   9 | Time    48 | Train Loss 0.5142 | Test Loss 0.000 | Test Error 11.68
Train Loss 0.058
Train Loss 0.493
Train Loss 0.521
Train Loss 0.510
Train Loss 0.545
Train Loss 0.539
Train Loss 0.520
Train Loss 0.518
Epoch  10 | Time    48 | Train Loss 0.5755 | Test Loss 0.000 | Test Error 10.77
Train Loss 0.057
Train Loss 0.533
Train Loss 0.544
Train Loss 0.536
Train Loss 0.563
Train Loss 0.512
Train Loss 0.555
Train Loss 0.552
Epoch  11 | Time    48 | Train Loss 0.5768 | Test Loss 0.000 | Test Error 11.68
Train Loss 0.052
Train Loss 0.519
Train Loss 0.542
Train Loss 0.518
Train Loss 0.582
Train Loss 0.530
Train Loss 0.535
Train Loss 0.560
Epoch  12 | Time    48 | Train Loss 0.5312 | Test Loss 0.000 | Test Error 11.11
Train Loss 0.046
Train Loss 0.538
Train Loss 0.520
Train Loss 0.582
Train Loss 0.580
Train Loss 0.598
Train Loss 0.547
Train Loss 0.570
Epoch  13 | Time    48 | Train Loss 0.5787 | Test Loss 0.000 | Test Error 13.15
Train Loss 0.053
Train Loss 0.533
Train Loss 0.601
Train Loss 0.590
Train Loss 0.565
Train Loss 0.590
Train Loss 0.617
Train Loss 0.549
Epoch  14 | Time    48 | Train Loss 0.6473 | Test Loss 0.000 | Test Error 11.89
Train Loss 0.060
Train Loss 0.583
Train Loss 0.609
Train Loss 0.551
Train Loss 0.600
Train Loss 0.583
Train Loss 0.568
Train Loss 0.625
Epoch  15 | Time    48 | Train Loss 0.6366 | Test Loss 0.000 | Test Error 12.45
Train Loss 0.059
Train Loss 0.597
Train Loss 0.591
Train Loss 0.614
Train Loss 0.637
Train Loss 0.584
Train Loss 0.620
Train Loss 0.602
Epoch  16 | Time    48 | Train Loss 0.6256 | Test Loss 0.000 | Test Error 14.63
Train Loss 0.066
Train Loss 0.629
Train Loss 0.627
Train Loss 0.584
Train Loss 0.625
Train Loss 0.606
Train Loss 0.631
Train Loss 0.627
Epoch  17 | Time    48 | Train Loss 0.6412 | Test Loss 0.000 | Test Error 13.11
Train Loss 0.053
Train Loss 0.613
Train Loss 0.633
Train Loss 0.625
Train Loss 0.599
Train Loss 0.662
Train Loss 0.645
Train Loss 0.603
Epoch  18 | Time    48 | Train Loss 0.6455 | Test Loss 0.000 | Test Error 14.85
Train Loss 0.079
Train Loss 0.606
Train Loss 0.623
Train Loss 0.649
Train Loss 0.626
Train Loss 0.658
Train Loss 0.654
Train Loss 0.640
Epoch  19 | Time    48 | Train Loss 0.6875 | Test Loss 0.000 | Test Error 14.73
Train Loss 0.064
Train Loss 0.663
Train Loss 0.653
Train Loss 0.653
Train Loss 0.657
Train Loss 0.639
Train Loss 0.653
Train Loss 0.637
Epoch  20 | Time    48 | Train Loss 0.6580 | Test Loss 0.000 | Test Error 14.97
Train Loss 0.054
Train Loss 0.630
Train Loss 0.646
Train Loss 0.659
Train Loss 0.660
Train Loss 0.641
Train Loss 0.616
Train Loss 0.658
Epoch  21 | Time    48 | Train Loss 0.6577 | Test Loss 0.000 | Test Error 14.24
Train Loss 0.066
Train Loss 0.622
Train Loss 0.622
Train Loss 0.666
Train Loss 0.674
Train Loss 0.694
Train Loss 0.659
Train Loss 0.649
Epoch  22 | Time    48 | Train Loss 0.6860 | Test Loss 0.000 | Test Error 15.39
Train Loss 0.054
Train Loss 0.655
Train Loss 0.675
Train Loss 0.627
Train Loss 0.650
Train Loss 0.671
Train Loss 0.660
Train Loss 0.665
Epoch  23 | Time    48 | Train Loss 0.6546 | Test Loss 0.000 | Test Error 15.06
Train Loss 0.058
Train Loss 0.613
Train Loss 0.624
Train Loss 0.637
Train Loss 0.608
Train Loss 0.684
Train Loss 0.669
Train Loss 0.640
Epoch  24 | Time    48 | Train Loss 0.6719 | Test Loss 0.000 | Test Error 14.58
Train Loss 0.066
Train Loss 0.633
Train Loss 0.686
Train Loss 0.651
Train Loss 0.669
Train Loss 0.680
Train Loss 0.699
Train Loss 0.667
Epoch  25 | Time    48 | Train Loss 0.6643 | Test Loss 0.000 | Test Error 14.62
Train Loss 0.049
Train Loss 0.613
Train Loss 0.706
Train Loss 0.657
Train Loss 0.600
Train Loss 0.661
Train Loss 0.654
Train Loss 0.666
Epoch  26 | Time    48 | Train Loss 0.6946 | Test Loss 0.000 | Test Error 14.86
Train Loss 0.062
Train Loss 0.637
Train Loss 0.641
Train Loss 0.658
Train Loss 0.689
Train Loss 0.637
Train Loss 0.682
Train Loss 0.664
Epoch  27 | Time    48 | Train Loss 0.6784 | Test Loss 0.000 | Test Error 14.83
Train Loss 0.053
Train Loss 0.673
Train Loss 0.631
Train Loss 0.671
Train Loss 0.649
Train Loss 0.648
Train Loss 0.650
Train Loss 0.621
Epoch  28 | Time    48 | Train Loss 0.6532 | Test Loss 0.000 | Test Error 15.24
Train Loss 0.055
Train Loss 0.629
Train Loss 0.593
Train Loss 0.659
Train Loss 0.691
Train Loss 0.686
Train Loss 0.665
Train Loss 0.676
Epoch  29 | Time    48 | Train Loss 0.6698 | Test Loss 0.000 | Test Error 14.42
Train Loss 0.065
Train Loss 0.642
Train Loss 0.630
Train Loss 0.634
Train Loss 0.679
Train Loss 0.650
Train Loss 0.647
Train Loss 0.696
Epoch  30 | Time    48 | Train Loss 0.6496 | Test Loss 0.000 | Test Error 16.23
Train Loss 0.076
Train Loss 0.627
Train Loss 0.636
Train Loss 0.683
Train Loss 0.663
Train Loss 0.670
Train Loss 0.647
Train Loss 0.674
Epoch  31 | Time    48 | Train Loss 0.6327 | Test Loss 0.000 | Test Error 15.63
Train Loss 0.069
Train Loss 0.623
Train Loss 0.616
Train Loss 0.624
Train Loss 0.669
Train Loss 0.675
Train Loss 0.622
Train Loss 0.655
Epoch  32 | Time    48 | Train Loss 0.6334 | Test Loss 0.000 | Test Error 14.06
Train Loss 0.055
Train Loss 0.616
Train Loss 0.627
Train Loss 0.628
Train Loss 0.673
Train Loss 0.657
Train Loss 0.638
Train Loss 0.652
Epoch  33 | Time    48 | Train Loss 0.6469 | Test Loss 0.000 | Test Error 15.41
Train Loss 0.066
Train Loss 0.594
Train Loss 0.658
Train Loss 0.649
Train Loss 0.625
Train Loss 0.647
Train Loss 0.655
Train Loss 0.664
Epoch  34 | Time    48 | Train Loss 0.6379 | Test Loss 0.000 | Test Error 15.00
Train Loss 0.058
Train Loss 0.651
Train Loss 0.640
Train Loss 0.622
Train Loss 0.634
Train Loss 0.594
Train Loss 0.629
Train Loss 0.660
Epoch  35 | Time    48 | Train Loss 0.6460 | Test Loss 0.000 | Test Error 14.01
Train Loss 0.059
Train Loss 0.600
Train Loss 0.615
Train Loss 0.665
Train Loss 0.613
Train Loss 0.643
Train Loss 0.647
Train Loss 0.624
Epoch  36 | Time    48 | Train Loss 0.6524 | Test Loss 0.000 | Test Error 15.57
Train Loss 0.050
Train Loss 0.596
Train Loss 0.633
Train Loss 0.636
Train Loss 0.595
Train Loss 0.612
Train Loss 0.641
Train Loss 0.692
Epoch  37 | Time    48 | Train Loss 0.6493 | Test Loss 0.000 | Test Error 15.53
Train Loss 0.065
Train Loss 0.641
Train Loss 0.647
Train Loss 0.644
Train Loss 0.636
Train Loss 0.636
Train Loss 0.609
Train Loss 0.644
Epoch  38 | Time    48 | Train Loss 0.6252 | Test Loss 0.000 | Test Error 14.97
Train Loss 0.064
Train Loss 0.605
Train Loss 0.585
Train Loss 0.647
Train Loss 0.616
Train Loss 0.639
Train Loss 0.650
Train Loss 0.624
Epoch  39 | Time    48 | Train Loss 0.6510 | Test Loss 0.000 | Test Error 14.61
Train Loss 0.059
Train Loss 0.601
Train Loss 0.629
Train Loss 0.635
Train Loss 0.634
Train Loss 0.617
Train Loss 0.644
Train Loss 0.630
Epoch  40 | Time    48 | Train Loss 0.6028 | Test Loss 0.000 | Test Error 14.49
Train Loss 0.056
Train Loss 0.622
Train Loss 0.613
Train Loss 0.627
Train Loss 0.641
Train Loss 0.637
Train Loss 0.630
Train Loss 0.638
Epoch  41 | Time    48 | Train Loss 0.6211 | Test Loss 0.000 | Test Error 13.89
Train Loss 0.052
Train Loss 0.608
Train Loss 0.599
Train Loss 0.600
Train Loss 0.629
Train Loss 0.619
Train Loss 0.605
Train Loss 0.640
Epoch  42 | Time    48 | Train Loss 0.6479 | Test Loss 0.000 | Test Error 16.55
Train Loss 0.069
Train Loss 0.631
Train Loss 0.594
Train Loss 0.592
Train Loss 0.623
Train Loss 0.611
Train Loss 0.618
Train Loss 0.657
Epoch  43 | Time    48 | Train Loss 0.6264 | Test Loss 0.000 | Test Error 14.02
Train Loss 0.055
Train Loss 0.626
Train Loss 0.626
Train Loss 0.638
Train Loss 0.613
Train Loss 0.591
Train Loss 0.624
Train Loss 0.643
Epoch  44 | Time    48 | Train Loss 0.6161 | Test Loss 0.000 | Test Error 15.18
Train Loss 0.067
Train Loss 0.595
Train Loss 0.606
Train Loss 0.629
Train Loss 0.614
Train Loss 0.637
Train Loss 0.645
Train Loss 0.616
Epoch  45 | Time    48 | Train Loss 0.5706 | Test Loss 0.000 | Test Error 15.60
Train Loss 0.070
Train Loss 0.615
Train Loss 0.605
Train Loss 0.605
Train Loss 0.564
Train Loss 0.602
Train Loss 0.596
Train Loss 0.613
Epoch  46 | Time    48 | Train Loss 0.6008 | Test Loss 0.000 | Test Error 14.64
Train Loss 0.075
Train Loss 0.572
Train Loss 0.587
Train Loss 0.596
Train Loss 0.633
Train Loss 0.581
Train Loss 0.603
Train Loss 0.599
Epoch  47 | Time    48 | Train Loss 0.6060 | Test Loss 0.000 | Test Error 13.99
Train Loss 0.054
Train Loss 0.594
Train Loss 0.600
Train Loss 0.599
Train Loss 0.610
Train Loss 0.599
Train Loss 0.604
Train Loss 0.589
Epoch  48 | Time    48 | Train Loss 0.6201 | Test Loss 0.000 | Test Error 15.00
Train Loss 0.058
Train Loss 0.562
Train Loss 0.591
Train Loss 0.618
Train Loss 0.603
Train Loss 0.592
Train Loss 0.619
Train Loss 0.626
Epoch  49 | Time    48 | Train Loss 0.5938 | Test Loss 0.000 | Test Error 14.65
Train Loss 0.057
Train Loss 0.602
Train Loss 0.598
Train Loss 0.607
Train Loss 0.580
Train Loss 0.582
Train Loss 0.639
Train Loss 0.591
Epoch  50 | Time    48 | Train Loss 0.6336 | Test Loss 0.000 | Test Error 14.91
Train Loss 0.063
Train Loss 0.586
Train Loss 0.600
Train Loss 0.603
Train Loss 0.573
Train Loss 0.611
Train Loss 0.579
Train Loss 0.577
Epoch  51 | Time    48 | Train Loss 0.5872 | Test Loss 0.000 | Test Error 13.98
Train Loss 0.070
Train Loss 0.610
Train Loss 0.593
Train Loss 0.583
Train Loss 0.596
Train Loss 0.586
Train Loss 0.586
Train Loss 0.572
Epoch  52 | Time    48 | Train Loss 0.6231 | Test Loss 0.000 | Test Error 15.12
Train Loss 0.052
Train Loss 0.561
Train Loss 0.579
Train Loss 0.580
Train Loss 0.561
Train Loss 0.628
Train Loss 0.588
Train Loss 0.616
Epoch  53 | Time    48 | Train Loss 0.5879 | Test Loss 0.000 | Test Error 13.92
Train Loss 0.048
Train Loss 0.594
Train Loss 0.585
Train Loss 0.577
Train Loss 0.598
Train Loss 0.594
Train Loss 0.606
Train Loss 0.580
Epoch  54 | Time    48 | Train Loss 0.5924 | Test Loss 0.000 | Test Error 13.70
Train Loss 0.043
Train Loss 0.607
Train Loss 0.566
Train Loss 0.588
Train Loss 0.583
Train Loss 0.557
Train Loss 0.615
Train Loss 0.584
Epoch  55 | Time    48 | Train Loss 0.5893 | Test Loss 0.000 | Test Error 13.16
Train Loss 0.051
Train Loss 0.520
Train Loss 0.583
Train Loss 0.591
Train Loss 0.576
Train Loss 0.578
Train Loss 0.602
Train Loss 0.584
Epoch  56 | Time    48 | Train Loss 0.5774 | Test Loss 0.000 | Test Error 13.55
Train Loss 0.061
Train Loss 0.578
Train Loss 0.613
Train Loss 0.574
Train Loss 0.574
Train Loss 0.573
Train Loss 0.584
Train Loss 0.592
Epoch  57 | Time    48 | Train Loss 0.5806 | Test Loss 0.000 | Test Error 13.34
Train Loss 0.070
Train Loss 0.563
Train Loss 0.600
Train Loss 0.568
Train Loss 0.584
Train Loss 0.588
Train Loss 0.591
Train Loss 0.595
Epoch  58 | Time    48 | Train Loss 0.5684 | Test Loss 0.000 | Test Error 14.57
Train Loss 0.051
Train Loss 0.569
Train Loss 0.582
Train Loss 0.554
Train Loss 0.554
Train Loss 0.598
Train Loss 0.566
Train Loss 0.566
Epoch  59 | Time    48 | Train Loss 0.5676 | Test Loss 0.000 | Test Error 14.46
Train Loss 0.048
Train Loss 0.534
Train Loss 0.551
Train Loss 0.576
Train Loss 0.559
Train Loss 0.568
Train Loss 0.542
Train Loss 0.578
Epoch  60 | Time    48 | Train Loss 0.5714 | Test Loss 0.000 | Test Error 13.23
Train Loss 0.058
Train Loss 0.549
Train Loss 0.553
Train Loss 0.588
Train Loss 0.568
Train Loss 0.563
Train Loss 0.511
Train Loss 0.571
Epoch  61 | Time    48 | Train Loss 0.5609 | Test Loss 0.000 | Test Error 14.13
Train Loss 0.051
Train Loss 0.582
Train Loss 0.550
Train Loss 0.566
Train Loss 0.576
Train Loss 0.575
Train Loss 0.551
Train Loss 0.558
Epoch  62 | Time    48 | Train Loss 0.5745 | Test Loss 0.000 | Test Error 14.24
Train Loss 0.053
Train Loss 0.549
Train Loss 0.544
Train Loss 0.545
Train Loss 0.587
Train Loss 0.527
Train Loss 0.597
Train Loss 0.535
Epoch  63 | Time    48 | Train Loss 0.5635 | Test Loss 0.000 | Test Error 14.29
Train Loss 0.069
Train Loss 0.579
Train Loss 0.563
Train Loss 0.564
Train Loss 0.592
Train Loss 0.548
Train Loss 0.589
Train Loss 0.555
Epoch  64 | Time    48 | Train Loss 0.5639 | Test Loss 0.000 | Test Error 12.69
Train Loss 0.042
Train Loss 0.548
Train Loss 0.536
Train Loss 0.576
Train Loss 0.565
Train Loss 0.547
Train Loss 0.548
Train Loss 0.581
Epoch  65 | Time    48 | Train Loss 0.5995 | Test Loss 0.000 | Test Error 13.14
Train Loss 0.044
Train Loss 0.565
Train Loss 0.552
Train Loss 0.571
Train Loss 0.559
Train Loss 0.568
Train Loss 0.549
Train Loss 0.515
Epoch  66 | Time    48 | Train Loss 0.5538 | Test Loss 0.000 | Test Error 13.69
Train Loss 0.051
Train Loss 0.573
Train Loss 0.524
Train Loss 0.566
Train Loss 0.574
Train Loss 0.516
Train Loss 0.573
Train Loss 0.582
Epoch  67 | Time    48 | Train Loss 0.5433 | Test Loss 0.000 | Test Error 12.96
Train Loss 0.048
Train Loss 0.524
Train Loss 0.608
Train Loss 0.561
Train Loss 0.552
Train Loss 0.550
Train Loss 0.525
Train Loss 0.563
Epoch  68 | Time    48 | Train Loss 0.5442 | Test Loss 0.000 | Test Error 12.84
Train Loss 0.055
Train Loss 0.521
Train Loss 0.528
Train Loss 0.544
Train Loss 0.563
Train Loss 0.534
Train Loss 0.541
Train Loss 0.551
Epoch  69 | Time    48 | Train Loss 0.5341 | Test Loss 0.000 | Test Error 13.23
Train Loss 0.050
Train Loss 0.527
Train Loss 0.554
Train Loss 0.540
Train Loss 0.548
Train Loss 0.553
Train Loss 0.541
Train Loss 0.557
Epoch  70 | Time    48 | Train Loss 0.5659 | Test Loss 0.000 | Test Error 14.60
Train Loss 0.054
Train Loss 0.535
Train Loss 0.544
Train Loss 0.518
Train Loss 0.510
Train Loss 0.522
Train Loss 0.557
Train Loss 0.532
Epoch  71 | Time    48 | Train Loss 0.5503 | Test Loss 0.000 | Test Error 14.70
Train Loss 0.052
Train Loss 0.545
Train Loss 0.549
Train Loss 0.555
Train Loss 0.542
Train Loss 0.559
Train Loss 0.573
Train Loss 0.538
Epoch  72 | Time    48 | Train Loss 0.5497 | Test Loss 0.000 | Test Error 13.56
Train Loss 0.051
Train Loss 0.529
Train Loss 0.511
Train Loss 0.499
Train Loss 0.534
Train Loss 0.557
Train Loss 0.546
Train Loss 0.558
Epoch  73 | Time    48 | Train Loss 0.4984 | Test Loss 0.000 | Test Error 12.94
Train Loss 0.030
Train Loss 0.523
Train Loss 0.525
Train Loss 0.516
Train Loss 0.504
Train Loss 0.560
Train Loss 0.577
Train Loss 0.518
Epoch  74 | Time    48 | Train Loss 0.5314 | Test Loss 0.000 | Test Error 14.04
Train Loss 0.046
Train Loss 0.504
Train Loss 0.544
Train Loss 0.544
Train Loss 0.532
Train Loss 0.495
Train Loss 0.557
Train Loss 0.496
Epoch  75 | Time    48 | Train Loss 0.5634 | Test Loss 0.000 | Test Error 14.31
Train Loss 0.062
Train Loss 0.476
Train Loss 0.504
Train Loss 0.517
Train Loss 0.564
Train Loss 0.508
Train Loss 0.560
Train Loss 0.532
Epoch  76 | Time    48 | Train Loss 0.5222 | Test Loss 0.000 | Test Error 12.71
Train Loss 0.048
Train Loss 0.495
Train Loss 0.535
Train Loss 0.541
Train Loss 0.527
Train Loss 0.542
Train Loss 0.500
Train Loss 0.544
Epoch  77 | Time    48 | Train Loss 0.5452 | Test Loss 0.000 | Test Error 12.87
Train Loss 0.042
Train Loss 0.481
Train Loss 0.521
Train Loss 0.527
Train Loss 0.536
Train Loss 0.533
Train Loss 0.463
Train Loss 0.516
Epoch  78 | Time    48 | Train Loss 0.5277 | Test Loss 0.000 | Test Error 12.88
Train Loss 0.043
Train Loss 0.494
Train Loss 0.462
Train Loss 0.509
Train Loss 0.510
Train Loss 0.502
Train Loss 0.510
Train Loss 0.535
Epoch  79 | Time    48 | Train Loss 0.4971 | Test Loss 0.000 | Test Error 13.34
Train Loss 0.057
Train Loss 0.496
Train Loss 0.532
Train Loss 0.501
Train Loss 0.517
Train Loss 0.509
Train Loss 0.520
Train Loss 0.495
Epoch  80 | Time    48 | Train Loss 0.5296 | Test Loss 0.000 | Test Error 13.34
Train Loss 0.049
Train Loss 0.500
Train Loss 0.477
Train Loss 0.510
Train Loss 0.491
Train Loss 0.475
Train Loss 0.490
Train Loss 0.516
Epoch  81 | Time    48 | Train Loss 0.5323 | Test Loss 0.000 | Test Error 12.50
Train Loss 0.050
Train Loss 0.509
Train Loss 0.494
Train Loss 0.469
Train Loss 0.457
Train Loss 0.505
Train Loss 0.505
Train Loss 0.499
Epoch  82 | Time    48 | Train Loss 0.4961 | Test Loss 0.000 | Test Error 14.12
Train Loss 0.052
Train Loss 0.514
Train Loss 0.490
Train Loss 0.486
Train Loss 0.504
Train Loss 0.493
Train Loss 0.495
Train Loss 0.506
Epoch  83 | Time    48 | Train Loss 0.5046 | Test Loss 0.000 | Test Error 12.56
Train Loss 0.041
Train Loss 0.484
Train Loss 0.496
Train Loss 0.479
Train Loss 0.500
Train Loss 0.524
Train Loss 0.462
Train Loss 0.470
Epoch  84 | Time    48 | Train Loss 0.5089 | Test Loss 0.000 | Test Error 12.66
Train Loss 0.057
Train Loss 0.488
Train Loss 0.457
Train Loss 0.496
Train Loss 0.470
Train Loss 0.481
Train Loss 0.513
Train Loss 0.464
Epoch  85 | Time    48 | Train Loss 0.5323 | Test Loss 0.000 | Test Error 13.47
Train Loss 0.036
Train Loss 0.489
Train Loss 0.500
Train Loss 0.457
Train Loss 0.535
Train Loss 0.456
Train Loss 0.477
Train Loss 0.478
Epoch  86 | Time    48 | Train Loss 0.5131 | Test Loss 0.000 | Test Error 14.29
Train Loss 0.051
Train Loss 0.508
Train Loss 0.475
Train Loss 0.477
Train Loss 0.450
Train Loss 0.474
Train Loss 0.463
Train Loss 0.484
Epoch  87 | Time    48 | Train Loss 0.4463 | Test Loss 0.000 | Test Error 12.67
Train Loss 0.046
Train Loss 0.449
Train Loss 0.456
Train Loss 0.507
Train Loss 0.476
Train Loss 0.515
Train Loss 0.461
Train Loss 0.486
Epoch  88 | Time    48 | Train Loss 0.4639 | Test Loss 0.000 | Test Error 12.95
Train Loss 0.042
Train Loss 0.418
Train Loss 0.477
Train Loss 0.418
Train Loss 0.498
Train Loss 0.489
Train Loss 0.482
Train Loss 0.478
Epoch  89 | Time    48 | Train Loss 0.4802 | Test Loss 0.000 | Test Error 12.63
Train Loss 0.056
Train Loss 0.428
Train Loss 0.465
Train Loss 0.437
Train Loss 0.460
Train Loss 0.457
Train Loss 0.477
Train Loss 0.469
Epoch  90 | Time    48 | Train Loss 0.4714 | Test Loss 0.000 | Test Error 12.81
Train Loss 0.061
Train Loss 0.453
Train Loss 0.466
Train Loss 0.490
Train Loss 0.458
Train Loss 0.473
Train Loss 0.462
Train Loss 0.451
Epoch  91 | Time    48 | Train Loss 0.4644 | Test Loss 0.000 | Test Error 12.58
Train Loss 0.038
Train Loss 0.440
Train Loss 0.462
Train Loss 0.473
Train Loss 0.472
Train Loss 0.433
Train Loss 0.468
Train Loss 0.458
Epoch  92 | Time    48 | Train Loss 0.4491 | Test Loss 0.000 | Test Error 12.79
Train Loss 0.036
Train Loss 0.389
Train Loss 0.412
Train Loss 0.486
Train Loss 0.459
Train Loss 0.471
Train Loss 0.486
Train Loss 0.477
Epoch  93 | Time    48 | Train Loss 0.4728 | Test Loss 0.000 | Test Error 13.50
Train Loss 0.048
Train Loss 0.459
Train Loss 0.460
Train Loss 0.437
Train Loss 0.465
Train Loss 0.470
Train Loss 0.489
Train Loss 0.465
Epoch  94 | Time    48 | Train Loss 0.4434 | Test Loss 0.000 | Test Error 12.04
Train Loss 0.040
Train Loss 0.433
Train Loss 0.454
Train Loss 0.443
Train Loss 0.441
Train Loss 0.432
Train Loss 0.462
Train Loss 0.453
Epoch  95 | Time    48 | Train Loss 0.4471 | Test Loss 0.000 | Test Error 12.43
Train Loss 0.030
Train Loss 0.417
Train Loss 0.424
Train Loss 0.460
Train Loss 0.450
Train Loss 0.423
Train Loss 0.414
Train Loss 0.474
Epoch  96 | Time    48 | Train Loss 0.4455 | Test Loss 0.000 | Test Error 12.27
Train Loss 0.055
Train Loss 0.427
Train Loss 0.431
Train Loss 0.432
Train Loss 0.430
Train Loss 0.440
Train Loss 0.439
Train Loss 0.424
Epoch  97 | Time    48 | Train Loss 0.3931 | Test Loss 0.000 | Test Error 12.94
Train Loss 0.056
Train Loss 0.404
Train Loss 0.432
Train Loss 0.453
Train Loss 0.461
Train Loss 0.429
Train Loss 0.420
Train Loss 0.429
Epoch  98 | Time    48 | Train Loss 0.4446 | Test Loss 0.000 | Test Error 12.29
Train Loss 0.039
Train Loss 0.424
Train Loss 0.484
Train Loss 0.418
Train Loss 0.427
Train Loss 0.459
Train Loss 0.432
Train Loss 0.455
Epoch  99 | Time    48 | Train Loss 0.4301 | Test Loss 0.000 | Test Error 13.48
Train Loss 0.048
Train Loss 0.422
Train Loss 0.477
Train Loss 0.406
Train Loss 0.385
Train Loss 0.431
Train Loss 0.439
Train Loss 0.439
Epoch 100 | Time    48 | Train Loss 0.4397 | Test Loss 0.000 | Test Error 12.44
gaussian_noise
	Test Loss 0.001 | Test Error 19.858
shot_noise
	Test Loss 0.001 | Test Error 17.422
impulse_noise
	Test Loss 0.001 | Test Error 24.406
defocus_blur
	Test Loss 0.000 | Test Error 15.212
glass_blur
	Test Loss 0.001 | Test Error 23.708
motion_blur
	Test Loss 0.001 | Test Error 18.558
zoom_blur
	Test Loss 0.000 | Test Error 16.132
snow
	Test Loss 0.001 | Test Error 18.598
frost
	Test Loss 0.001 | Test Error 18.724
fog
	Test Loss 0.001 | Test Error 17.930
brightness
	Test Loss 0.000 | Test Error 14.146
contrast
	Test Loss 0.001 | Test Error 27.162
elastic_transform
	Test Loss 0.001 | Test Error 17.422
pixelate
	Test Loss 0.000 | Test Error 16.514
jpeg_compression
	Test Loss 0.000 | Test Error 16.286
Mean Corruption Error: 18.805
