Files already downloaded and verified
Files already downloaded and verified
Beginning training from epoch: 1
/home/g058466/vir_en/env2/lib/python3.7/site-packages/torchvision/models/_utils.py:209: UserWarning: The parameter 'pretrained' is deprecated since 0.13 and will be removed in 0.15, please use 'weights' instead.
  f"The parameter '{pretrained_param}' is deprecated since 0.13 and will be removed in 0.15, "
/home/g058466/vir_en/env2/lib/python3.7/site-packages/torchvision/models/_utils.py:223: UserWarning: Arguments other than a weight enum or `None` for 'weights' are deprecated since 0.13 and will be removed in 0.15. The current behavior is equivalent to passing `weights=ResNet18_Weights.IMAGENET1K_V1`. You can also use `weights=ResNet18_Weights.DEFAULT` to get the most up-to-date weights.
  warnings.warn(msg)
Train Loss 0.314
Train Loss 3.298
Train Loss 2.806
Train Loss 3.155
Train Loss 2.661
Train Loss 2.457
Train Loss 2.281
Train Loss 2.243
Epoch   1 | Time    52 | Train Loss 2.2077 | Test Loss 0.002 | Test Error 76.61
Train Loss 0.221
Train Loss 2.102
Train Loss 2.062
Train Loss 1.967
Train Loss 1.948
Train Loss 1.933
Train Loss 1.869
Train Loss 1.863
Epoch   2 | Time    49 | Train Loss 1.8432 | Test Loss 0.002 | Test Error 64.94
Train Loss 0.183
Train Loss 1.810
Train Loss 1.795
Train Loss 1.791
Train Loss 1.747
Train Loss 1.789
Train Loss 1.704
Train Loss 1.732
Epoch   3 | Time    48 | Train Loss 1.7045 | Test Loss 0.001 | Test Error 54.53
Train Loss 0.174
Train Loss 1.701
Train Loss 1.699
Train Loss 1.654
Train Loss 1.633
Train Loss 1.579
Train Loss 1.615
Train Loss 1.600
Epoch   4 | Time    49 | Train Loss 1.5996 | Test Loss 0.001 | Test Error 48.89
Train Loss 0.162
Train Loss 1.579
Train Loss 1.537
Train Loss 1.540
Train Loss 1.497
Train Loss 1.514
Train Loss 1.487
Train Loss 1.498
Epoch   5 | Time    48 | Train Loss 1.4757 | Test Loss 0.001 | Test Error 43.77
Train Loss 0.137
Train Loss 1.451
Train Loss 1.428
Train Loss 1.438
Train Loss 1.448
Train Loss 1.414
Train Loss 1.417
Train Loss 1.584
Epoch   6 | Time    48 | Train Loss 1.4581 | Test Loss 0.001 | Test Error 42.60
Train Loss 0.116
Train Loss 1.397
Train Loss 1.407
Train Loss 1.366
Train Loss 1.396
Train Loss 1.341
Train Loss 1.329
Train Loss 1.358
Epoch   7 | Time    49 | Train Loss 1.3637 | Test Loss 0.001 | Test Error 39.13
Train Loss 0.124
Train Loss 1.323
Train Loss 1.317
Train Loss 1.325
Train Loss 1.280
Train Loss 1.323
Train Loss 1.259
Train Loss 1.290
Epoch   8 | Time    49 | Train Loss 1.3265 | Test Loss 0.001 | Test Error 37.44
Train Loss 0.130
Train Loss 1.262
Train Loss 1.282
Train Loss 1.291
Train Loss 1.296
Train Loss 1.256
Train Loss 1.248
Train Loss 1.264
Epoch   9 | Time    49 | Train Loss 1.2600 | Test Loss 0.001 | Test Error 33.43
Train Loss 0.137
Train Loss 1.236
Train Loss 1.253
Train Loss 1.199
Train Loss 1.225
Train Loss 1.231
Train Loss 1.214
Train Loss 1.213
Epoch  10 | Time    49 | Train Loss 1.2100 | Test Loss 0.001 | Test Error 33.01
Train Loss 0.118
Train Loss 1.198
Train Loss 1.208
Train Loss 1.187
Train Loss 1.197
Train Loss 1.199
Train Loss 1.218
Train Loss 1.178
Epoch  11 | Time    50 | Train Loss 1.1930 | Test Loss 0.001 | Test Error 35.40
Train Loss 0.122
Train Loss 1.179
Train Loss 1.183
Train Loss 1.136
Train Loss 1.173
Train Loss 1.140
Train Loss 1.195
Train Loss 1.128
Epoch  12 | Time    49 | Train Loss 1.1606 | Test Loss 0.001 | Test Error 32.13
Train Loss 0.117
Train Loss 1.126
Train Loss 1.159
Train Loss 1.123
Train Loss 1.123
Train Loss 1.149
Train Loss 1.159
Train Loss 1.131
Epoch  13 | Time    49 | Train Loss 1.1529 | Test Loss 0.001 | Test Error 28.52
Train Loss 0.105
Train Loss 1.113
Train Loss 1.109
Train Loss 1.136
Train Loss 1.096
Train Loss 1.139
Train Loss 1.089
Train Loss 1.139
Epoch  14 | Time    49 | Train Loss 1.0907 | Test Loss 0.001 | Test Error 32.55
Train Loss 0.101
Train Loss 1.102
Train Loss 1.094
Train Loss 1.118
Train Loss 1.089
Train Loss 1.117
Train Loss 1.081
Train Loss 1.107
Epoch  15 | Time    49 | Train Loss 1.0703 | Test Loss 0.001 | Test Error 29.69
Train Loss 0.106
Train Loss 1.090
Train Loss 1.096
Train Loss 1.056
Train Loss 1.071
Train Loss 1.098
Train Loss 1.074
Train Loss 1.063
Epoch  16 | Time    49 | Train Loss 1.0714 | Test Loss 0.001 | Test Error 29.26
Train Loss 0.088
Train Loss 1.069
Train Loss 1.053
Train Loss 1.063
Train Loss 1.062
Train Loss 1.051
Train Loss 1.054
Train Loss 1.058
Epoch  17 | Time    48 | Train Loss 1.0523 | Test Loss 0.001 | Test Error 32.61
Train Loss 0.098
Train Loss 0.984
Train Loss 1.058
Train Loss 1.056
Train Loss 1.023
Train Loss 1.050
Train Loss 1.038
Train Loss 1.032
Epoch  18 | Time    49 | Train Loss 1.0657 | Test Loss 0.001 | Test Error 27.25
Train Loss 0.096
Train Loss 1.035
Train Loss 1.023
Train Loss 1.022
Train Loss 1.086
Train Loss 1.043
Train Loss 1.060
Train Loss 1.059
Epoch  19 | Time    49 | Train Loss 1.0186 | Test Loss 0.001 | Test Error 26.53
Train Loss 0.119
Train Loss 1.009
Train Loss 1.004
Train Loss 1.080
Train Loss 1.053
Train Loss 1.055
Train Loss 1.037
Train Loss 1.053
Epoch  20 | Time    49 | Train Loss 1.0404 | Test Loss 0.001 | Test Error 26.52
Train Loss 0.093
Train Loss 1.001
Train Loss 1.011
Train Loss 0.998
Train Loss 1.044
Train Loss 1.008
Train Loss 1.023
Train Loss 0.999
Epoch  21 | Time    49 | Train Loss 1.0292 | Test Loss 0.001 | Test Error 26.19
Train Loss 0.106
Train Loss 0.997
Train Loss 1.013
Train Loss 1.018
Train Loss 1.034
Train Loss 0.999
Train Loss 1.005
Train Loss 1.024
Epoch  22 | Time    49 | Train Loss 1.0006 | Test Loss 0.001 | Test Error 24.83
Train Loss 0.101
Train Loss 0.980
Train Loss 0.957
Train Loss 1.024
Train Loss 1.026
Train Loss 1.023
Train Loss 0.979
Train Loss 1.027
Epoch  23 | Time    49 | Train Loss 0.9929 | Test Loss 0.001 | Test Error 25.27
Train Loss 0.091
Train Loss 0.966
Train Loss 1.042
Train Loss 0.988
Train Loss 0.991
Train Loss 0.972
Train Loss 0.971
Train Loss 0.966
Epoch  24 | Time    50 | Train Loss 1.0086 | Test Loss 0.001 | Test Error 25.90
Train Loss 0.105
Train Loss 0.943
Train Loss 0.962
Train Loss 0.967
Train Loss 0.972
Train Loss 0.973
Train Loss 1.025
Train Loss 0.971
Epoch  25 | Time    49 | Train Loss 0.9743 | Test Loss 0.001 | Test Error 26.83
Train Loss 0.086
Train Loss 0.971
Train Loss 0.970
Train Loss 0.976
Train Loss 0.968
Train Loss 0.992
Train Loss 0.975
Train Loss 0.948
Epoch  26 | Time    49 | Train Loss 0.9665 | Test Loss 0.001 | Test Error 25.84
Train Loss 0.089
Train Loss 0.938
Train Loss 0.964
Train Loss 0.987
Train Loss 1.014
Train Loss 0.964
Train Loss 0.970
Train Loss 1.012
Epoch  27 | Time    49 | Train Loss 0.9972 | Test Loss 0.001 | Test Error 28.60
Train Loss 0.085
Train Loss 0.930
Train Loss 0.973
Train Loss 0.945
Train Loss 0.955
Train Loss 0.939
Train Loss 0.952
Train Loss 0.962
Epoch  28 | Time    49 | Train Loss 0.9840 | Test Loss 0.001 | Test Error 26.25
Train Loss 0.095
Train Loss 0.964
Train Loss 0.959
Train Loss 0.973
Train Loss 0.927
Train Loss 0.985
Train Loss 0.948
Train Loss 0.942
Epoch  29 | Time    49 | Train Loss 0.9660 | Test Loss 0.001 | Test Error 24.51
Train Loss 0.086
Train Loss 0.965
Train Loss 0.952
Train Loss 0.928
Train Loss 0.931
Train Loss 0.935
Train Loss 0.946
Train Loss 0.948
Epoch  30 | Time    48 | Train Loss 0.9573 | Test Loss 0.001 | Test Error 23.74
Train Loss 0.094
Train Loss 0.925
Train Loss 0.946
Train Loss 0.913
Train Loss 0.959
Train Loss 0.940
Train Loss 0.971
Train Loss 0.910
Epoch  31 | Time    50 | Train Loss 0.9544 | Test Loss 0.001 | Test Error 23.99
Train Loss 0.081
Train Loss 0.923
Train Loss 0.935
Train Loss 0.936
Train Loss 0.942
Train Loss 0.923
Train Loss 0.966
Train Loss 0.934
Epoch  32 | Time    48 | Train Loss 0.9577 | Test Loss 0.001 | Test Error 25.57
Train Loss 0.083
Train Loss 0.903
Train Loss 0.951
Train Loss 0.906
Train Loss 0.937
Train Loss 0.884
Train Loss 0.927
Train Loss 0.941
Epoch  33 | Time    49 | Train Loss 0.9219 | Test Loss 0.001 | Test Error 23.82
Train Loss 0.082
Train Loss 0.952
Train Loss 0.918
Train Loss 0.922
Train Loss 0.911
Train Loss 0.919
Train Loss 0.878
Train Loss 0.924
Epoch  34 | Time    48 | Train Loss 0.9135 | Test Loss 0.001 | Test Error 25.07
Train Loss 0.096
Train Loss 0.877
Train Loss 0.896
Train Loss 0.896
Train Loss 0.917
Train Loss 0.956
Train Loss 0.905
Train Loss 0.909
Epoch  35 | Time    48 | Train Loss 0.9276 | Test Loss 0.001 | Test Error 23.10
Train Loss 0.084
Train Loss 0.898
Train Loss 0.893
Train Loss 0.870
Train Loss 0.918
Train Loss 0.905
Train Loss 0.934
Train Loss 0.902
Epoch  36 | Time    48 | Train Loss 0.9269 | Test Loss 0.001 | Test Error 25.04
Train Loss 0.084
Train Loss 0.869
Train Loss 0.918
Train Loss 0.919
Train Loss 0.906
Train Loss 0.911
Train Loss 0.910
Train Loss 0.892
Epoch  37 | Time    48 | Train Loss 0.8986 | Test Loss 0.001 | Test Error 24.92
Train Loss 0.089
Train Loss 0.914
Train Loss 0.886
Train Loss 0.899
Train Loss 0.923
Train Loss 0.889
Train Loss 0.908
Train Loss 0.916
Epoch  38 | Time    50 | Train Loss 0.9416 | Test Loss 0.001 | Test Error 23.15
Train Loss 0.088
Train Loss 0.902
Train Loss 0.847
Train Loss 0.865
Train Loss 0.871
Train Loss 0.872
Train Loss 0.924
Train Loss 0.904
Epoch  39 | Time    48 | Train Loss 0.9043 | Test Loss 0.001 | Test Error 22.45
Train Loss 0.090
Train Loss 0.852
Train Loss 0.883
Train Loss 0.905
Train Loss 0.893
Train Loss 0.883
Train Loss 0.891
Train Loss 0.891
Epoch  40 | Time    49 | Train Loss 0.8778 | Test Loss 0.001 | Test Error 24.01
Train Loss 0.094
Train Loss 0.867
Train Loss 0.899
Train Loss 0.891
Train Loss 0.868
Train Loss 0.874
Train Loss 0.924
Train Loss 0.892
Epoch  41 | Time    48 | Train Loss 0.9386 | Test Loss 0.001 | Test Error 22.15
Train Loss 0.074
Train Loss 0.811
Train Loss 0.881
Train Loss 0.920
Train Loss 0.844
Train Loss 0.839
Train Loss 0.893
Train Loss 0.888
Epoch  42 | Time    49 | Train Loss 0.8484 | Test Loss 0.001 | Test Error 23.84
Train Loss 0.078
Train Loss 0.891
Train Loss 0.902
Train Loss 0.877
Train Loss 0.877
Train Loss 0.884
Train Loss 0.871
Train Loss 0.867
Epoch  43 | Time    49 | Train Loss 0.8754 | Test Loss 0.001 | Test Error 21.58
Train Loss 0.091
Train Loss 0.862
Train Loss 0.866
Train Loss 0.869
Train Loss 0.850
Train Loss 0.894
Train Loss 0.860
Train Loss 0.844
Epoch  44 | Time    50 | Train Loss 0.8546 | Test Loss 0.001 | Test Error 23.27
Train Loss 0.097
Train Loss 0.845
Train Loss 0.887
Train Loss 0.874
Train Loss 0.875
Train Loss 0.877
Train Loss 0.847
Train Loss 0.864
Epoch  45 | Time    49 | Train Loss 0.8632 | Test Loss 0.001 | Test Error 23.60
Train Loss 0.089
Train Loss 0.861
Train Loss 0.834
Train Loss 0.875
Train Loss 0.826
Train Loss 0.872
Train Loss 0.848
Train Loss 0.862
Epoch  46 | Time    50 | Train Loss 0.8353 | Test Loss 0.001 | Test Error 21.87
Train Loss 0.085
Train Loss 0.825
Train Loss 0.872
Train Loss 0.859
Train Loss 0.833
Train Loss 0.870
Train Loss 0.845
Train Loss 0.845
Epoch  47 | Time    49 | Train Loss 0.8651 | Test Loss 0.001 | Test Error 21.78
Train Loss 0.069
Train Loss 0.857
Train Loss 0.801
Train Loss 0.870
Train Loss 0.843
Train Loss 0.858
Train Loss 0.854
Train Loss 0.821
Epoch  48 | Time    49 | Train Loss 0.8989 | Test Loss 0.001 | Test Error 21.12
Train Loss 0.078
Train Loss 0.791
Train Loss 0.870
Train Loss 0.869
Train Loss 0.813
Train Loss 0.831
Train Loss 0.805
Train Loss 0.843
Epoch  49 | Time    48 | Train Loss 0.8183 | Test Loss 0.001 | Test Error 20.79
Train Loss 0.074
Train Loss 0.820
Train Loss 0.829
Train Loss 0.832
Train Loss 0.848
Train Loss 0.860
Train Loss 0.804
Train Loss 0.851
Epoch  50 | Time    50 | Train Loss 0.8185 | Test Loss 0.001 | Test Error 22.73
Train Loss 0.073
Train Loss 0.803
Train Loss 0.816
Train Loss 0.829
Train Loss 0.790
Train Loss 0.828
Train Loss 0.797
Train Loss 0.837
Epoch  51 | Time    48 | Train Loss 0.8376 | Test Loss 0.001 | Test Error 23.17
Train Loss 0.082
Train Loss 0.806
Train Loss 0.809
Train Loss 0.852
Train Loss 0.807
Train Loss 0.835
Train Loss 0.832
Train Loss 0.797
Epoch  52 | Time    49 | Train Loss 0.8142 | Test Loss 0.001 | Test Error 22.11
Train Loss 0.080
Train Loss 0.789
Train Loss 0.812
Train Loss 0.783
Train Loss 0.820
Train Loss 0.806
Train Loss 0.804
Train Loss 0.857
Epoch  53 | Time    48 | Train Loss 0.8048 | Test Loss 0.001 | Test Error 21.29
Train Loss 0.083
Train Loss 0.802
Train Loss 0.812
Train Loss 0.803
Train Loss 0.792
Train Loss 0.781
Train Loss 0.797
Train Loss 0.834
Epoch  54 | Time    49 | Train Loss 0.8319 | Test Loss 0.001 | Test Error 21.18
Train Loss 0.091
Train Loss 0.822
Train Loss 0.809
Train Loss 0.791
Train Loss 0.804
Train Loss 0.817
Train Loss 0.823
Train Loss 0.755
Epoch  55 | Time    48 | Train Loss 0.8157 | Test Loss 0.001 | Test Error 19.75
Train Loss 0.089
Train Loss 0.792
Train Loss 0.758
Train Loss 0.772
Train Loss 0.790
Train Loss 0.810
Train Loss 0.786
Train Loss 0.787
Epoch  56 | Time    49 | Train Loss 0.8044 | Test Loss 0.001 | Test Error 20.01
Train Loss 0.089
Train Loss 0.800
Train Loss 0.773
Train Loss 0.778
Train Loss 0.762
Train Loss 0.789
Train Loss 0.781
Train Loss 0.802
Epoch  57 | Time    49 | Train Loss 0.7719 | Test Loss 0.001 | Test Error 18.93
Train Loss 0.084
Train Loss 0.777
Train Loss 0.783
Train Loss 0.784
Train Loss 0.769
Train Loss 0.783
Train Loss 0.811
Train Loss 0.740
Epoch  58 | Time    48 | Train Loss 0.7664 | Test Loss 0.001 | Test Error 19.72
Train Loss 0.076
Train Loss 0.747
Train Loss 0.740
Train Loss 0.774
Train Loss 0.804
Train Loss 0.777
Train Loss 0.725
Train Loss 0.771
Epoch  59 | Time    48 | Train Loss 0.7504 | Test Loss 0.001 | Test Error 22.38
Train Loss 0.060
Train Loss 0.731
Train Loss 0.788
Train Loss 0.751
Train Loss 0.795
Train Loss 0.742
Train Loss 0.765
Train Loss 0.769
Epoch  60 | Time    48 | Train Loss 0.7579 | Test Loss 0.001 | Test Error 18.98
Train Loss 0.080
Train Loss 0.757
Train Loss 0.776
Train Loss 0.784
Train Loss 0.704
Train Loss 0.790
Train Loss 0.710
Train Loss 0.718
Epoch  61 | Time    48 | Train Loss 0.7560 | Test Loss 0.001 | Test Error 18.47
Train Loss 0.088
Train Loss 0.751
Train Loss 0.749
Train Loss 0.770
Train Loss 0.739
Train Loss 0.709
Train Loss 0.746
Train Loss 0.759
Epoch  62 | Time    50 | Train Loss 0.7319 | Test Loss 0.001 | Test Error 18.73
Train Loss 0.089
Train Loss 0.740
Train Loss 0.727
Train Loss 0.768
Train Loss 0.729
Train Loss 0.731
Train Loss 0.781
Train Loss 0.718
Epoch  63 | Time    49 | Train Loss 0.7279 | Test Loss 0.001 | Test Error 18.82
Train Loss 0.071
Train Loss 0.737
Train Loss 0.744
Train Loss 0.750
Train Loss 0.734
Train Loss 0.758
Train Loss 0.749
Train Loss 0.725
Epoch  64 | Time    49 | Train Loss 0.7317 | Test Loss 0.001 | Test Error 17.44
Train Loss 0.064
Train Loss 0.723
Train Loss 0.726
Train Loss 0.763
Train Loss 0.737
Train Loss 0.699
Train Loss 0.732
Train Loss 0.728
Epoch  65 | Time    48 | Train Loss 0.7572 | Test Loss 0.001 | Test Error 17.46
Train Loss 0.070
Train Loss 0.720
Train Loss 0.714
Train Loss 0.692
Train Loss 0.705
Train Loss 0.700
Train Loss 0.747
Train Loss 0.736
Epoch  66 | Time    49 | Train Loss 0.7195 | Test Loss 0.001 | Test Error 17.32
Train Loss 0.068
Train Loss 0.721
Train Loss 0.727
Train Loss 0.670
Train Loss 0.710
Train Loss 0.728
Train Loss 0.702
Train Loss 0.694
Epoch  67 | Time    49 | Train Loss 0.7208 | Test Loss 0.001 | Test Error 16.48
Train Loss 0.063
Train Loss 0.690
Train Loss 0.690
Train Loss 0.703
Train Loss 0.673
Train Loss 0.687
Train Loss 0.696
Train Loss 0.708
Epoch  68 | Time    48 | Train Loss 0.7247 | Test Loss 0.001 | Test Error 16.92
Train Loss 0.062
Train Loss 0.633
Train Loss 0.702
Train Loss 0.677
Train Loss 0.674
Train Loss 0.680
Train Loss 0.719
Train Loss 0.717
Epoch  69 | Time    48 | Train Loss 0.7059 | Test Loss 0.001 | Test Error 17.05
Train Loss 0.074
Train Loss 0.686
Train Loss 0.665
Train Loss 0.731
Train Loss 0.685
Train Loss 0.676
Train Loss 0.689
Train Loss 0.676
Epoch  70 | Time    49 | Train Loss 0.6723 | Test Loss 0.000 | Test Error 16.38
Train Loss 0.069
Train Loss 0.670
Train Loss 0.687
Train Loss 0.670
Train Loss 0.657
Train Loss 0.680
Train Loss 0.668
Train Loss 0.697
Epoch  71 | Time    50 | Train Loss 0.6513 | Test Loss 0.000 | Test Error 16.28
Train Loss 0.063
Train Loss 0.655
Train Loss 0.660
Train Loss 0.652
Train Loss 0.666
Train Loss 0.684
Train Loss 0.655
Train Loss 0.668
Epoch  72 | Time    49 | Train Loss 0.6733 | Test Loss 0.001 | Test Error 16.57
Train Loss 0.055
Train Loss 0.687
Train Loss 0.647
Train Loss 0.682
Train Loss 0.647
Train Loss 0.668
Train Loss 0.654
Train Loss 0.695
Epoch  73 | Time    48 | Train Loss 0.6667 | Test Loss 0.000 | Test Error 15.88
Train Loss 0.063
Train Loss 0.660
Train Loss 0.636
Train Loss 0.658
Train Loss 0.648
Train Loss 0.655
Train Loss 0.705
Train Loss 0.631
Epoch  74 | Time    49 | Train Loss 0.6626 | Test Loss 0.000 | Test Error 16.41
Train Loss 0.065
Train Loss 0.627
Train Loss 0.659
Train Loss 0.629
Train Loss 0.665
Train Loss 0.629
Train Loss 0.599
Train Loss 0.638
Epoch  75 | Time    49 | Train Loss 0.6614 | Test Loss 0.000 | Test Error 15.69
Train Loss 0.081
Train Loss 0.616
Train Loss 0.648
Train Loss 0.664
Train Loss 0.617
Train Loss 0.648
Train Loss 0.628
Train Loss 0.615
Epoch  76 | Time    49 | Train Loss 0.6383 | Test Loss 0.000 | Test Error 15.70
Train Loss 0.058
Train Loss 0.564
Train Loss 0.643
Train Loss 0.649
Train Loss 0.603
Train Loss 0.614
Train Loss 0.643
Train Loss 0.631
Epoch  77 | Time    49 | Train Loss 0.6308 | Test Loss 0.000 | Test Error 14.85
Train Loss 0.064
Train Loss 0.594
Train Loss 0.602
Train Loss 0.634
Train Loss 0.602
Train Loss 0.621
Train Loss 0.627
Train Loss 0.619
Epoch  78 | Time    48 | Train Loss 0.6005 | Test Loss 0.000 | Test Error 15.20
Train Loss 0.050
Train Loss 0.604
Train Loss 0.576
Train Loss 0.591
Train Loss 0.610
Train Loss 0.587
Train Loss 0.606
Train Loss 0.633
Epoch  79 | Time    49 | Train Loss 0.6114 | Test Loss 0.000 | Test Error 14.95
Train Loss 0.065
Train Loss 0.580
Train Loss 0.596
Train Loss 0.596
Train Loss 0.580
Train Loss 0.611
Train Loss 0.573
Train Loss 0.602
Epoch  80 | Time    49 | Train Loss 0.6072 | Test Loss 0.000 | Test Error 15.52
Train Loss 0.066
Train Loss 0.579
Train Loss 0.559
Train Loss 0.577
Train Loss 0.593
Train Loss 0.591
Train Loss 0.574
Train Loss 0.592
Epoch  81 | Time    48 | Train Loss 0.5982 | Test Loss 0.000 | Test Error 15.95
Train Loss 0.084
Train Loss 0.577
Train Loss 0.574
Train Loss 0.561
Train Loss 0.572
Train Loss 0.579
Train Loss 0.592
Train Loss 0.605
Epoch  82 | Time    48 | Train Loss 0.5876 | Test Loss 0.000 | Test Error 14.19
Train Loss 0.064
Train Loss 0.564
Train Loss 0.587
Train Loss 0.572
Train Loss 0.587
Train Loss 0.556
Train Loss 0.554
Train Loss 0.578
Epoch  83 | Time    49 | Train Loss 0.5368 | Test Loss 0.000 | Test Error 13.96
Train Loss 0.041
Train Loss 0.564
Train Loss 0.538
Train Loss 0.547
Train Loss 0.560
Train Loss 0.564
Train Loss 0.555
Train Loss 0.535
Epoch  84 | Time    49 | Train Loss 0.5615 | Test Loss 0.000 | Test Error 13.60
Train Loss 0.045
Train Loss 0.541
Train Loss 0.525
Train Loss 0.534
Train Loss 0.549
Train Loss 0.527
Train Loss 0.559
Train Loss 0.561
Epoch  85 | Time    49 | Train Loss 0.5694 | Test Loss 0.000 | Test Error 13.50
Train Loss 0.052
Train Loss 0.532
Train Loss 0.528
Train Loss 0.556
Train Loss 0.532
Train Loss 0.539
Train Loss 0.529
Train Loss 0.536
Epoch  86 | Time    49 | Train Loss 0.5429 | Test Loss 0.000 | Test Error 13.78
Train Loss 0.040
Train Loss 0.526
Train Loss 0.512
Train Loss 0.534
Train Loss 0.553
Train Loss 0.539
Train Loss 0.498
Train Loss 0.528
Epoch  87 | Time    49 | Train Loss 0.5264 | Test Loss 0.000 | Test Error 13.16
Train Loss 0.055
Train Loss 0.501
Train Loss 0.544
Train Loss 0.503
Train Loss 0.533
Train Loss 0.488
Train Loss 0.507
Train Loss 0.542
Epoch  88 | Time    48 | Train Loss 0.5181 | Test Loss 0.000 | Test Error 13.59
Train Loss 0.060
Train Loss 0.501
Train Loss 0.493
Train Loss 0.489
Train Loss 0.490
Train Loss 0.484
Train Loss 0.492
Train Loss 0.529
Epoch  89 | Time    48 | Train Loss 0.4928 | Test Loss 0.000 | Test Error 13.18
Train Loss 0.048
Train Loss 0.500
Train Loss 0.464
Train Loss 0.515
Train Loss 0.515
Train Loss 0.486
Train Loss 0.494
Train Loss 0.489
Epoch  90 | Time    49 | Train Loss 0.4782 | Test Loss 0.000 | Test Error 12.74
Train Loss 0.036
Train Loss 0.490
Train Loss 0.496
Train Loss 0.488
Train Loss 0.492
Train Loss 0.485
Train Loss 0.481
Train Loss 0.475
Epoch  91 | Time    50 | Train Loss 0.4919 | Test Loss 0.000 | Test Error 12.89
Train Loss 0.041
Train Loss 0.512
Train Loss 0.462
Train Loss 0.450
Train Loss 0.490
Train Loss 0.468
Train Loss 0.501
Train Loss 0.480
Epoch  92 | Time    49 | Train Loss 0.4616 | Test Loss 0.000 | Test Error 12.57
Train Loss 0.055
Train Loss 0.458
Train Loss 0.462
Train Loss 0.448
Train Loss 0.450
Train Loss 0.451
Train Loss 0.497
Train Loss 0.459
Epoch  93 | Time    49 | Train Loss 0.4604 | Test Loss 0.000 | Test Error 12.49
Train Loss 0.044
Train Loss 0.474
Train Loss 0.471
Train Loss 0.446
Train Loss 0.474
Train Loss 0.459
Train Loss 0.481
Train Loss 0.443
Epoch  94 | Time    49 | Train Loss 0.4481 | Test Loss 0.000 | Test Error 12.47
Train Loss 0.043
Train Loss 0.473
Train Loss 0.469
Train Loss 0.437
Train Loss 0.449
Train Loss 0.469
Train Loss 0.451
Train Loss 0.424
Epoch  95 | Time    49 | Train Loss 0.4560 | Test Loss 0.000 | Test Error 12.23
Train Loss 0.044
Train Loss 0.455
Train Loss 0.448
Train Loss 0.449
Train Loss 0.453
Train Loss 0.469
Train Loss 0.432
Train Loss 0.438
Epoch  96 | Time    49 | Train Loss 0.4518 | Test Loss 0.000 | Test Error 12.21
Train Loss 0.040
Train Loss 0.462
Train Loss 0.445
Train Loss 0.457
Train Loss 0.451
Train Loss 0.427
Train Loss 0.500
Train Loss 0.484
Epoch  97 | Time    49 | Train Loss 0.4518 | Test Loss 0.000 | Test Error 12.36
Train Loss 0.038
Train Loss 0.458
Train Loss 0.469
Train Loss 0.444
Train Loss 0.438
Train Loss 0.456
Train Loss 0.459
Train Loss 0.454
Epoch  98 | Time    49 | Train Loss 0.4218 | Test Loss 0.000 | Test Error 12.30
Train Loss 0.051
Train Loss 0.438
Train Loss 0.450
Train Loss 0.427
Train Loss 0.443
Train Loss 0.430
Train Loss 0.467
Train Loss 0.441
Epoch  99 | Time    49 | Train Loss 0.4501 | Test Loss 0.000 | Test Error 12.29
Train Loss 0.040
Train Loss 0.459
Train Loss 0.446
Train Loss 0.475
Train Loss 0.451
Train Loss 0.436
Train Loss 0.447
Train Loss 0.454
Epoch 100 | Time    50 | Train Loss 0.4237 | Test Loss 0.000 | Test Error 12.20
gaussian_noise
	Test Loss 0.001 | Test Error 18.986
shot_noise
	Test Loss 0.000 | Test Error 16.522
impulse_noise
	Test Loss 0.001 | Test Error 24.070
defocus_blur
	Test Loss 0.000 | Test Error 13.894
glass_blur
	Test Loss 0.001 | Test Error 22.070
motion_blur
	Test Loss 0.000 | Test Error 16.014
zoom_blur
	Test Loss 0.000 | Test Error 15.040
snow
	Test Loss 0.001 | Test Error 18.300
frost
	Test Loss 0.001 | Test Error 17.684
fog
	Test Loss 0.001 | Test Error 18.884
brightness
	Test Loss 0.000 | Test Error 13.870
contrast
	Test Loss 0.001 | Test Error 24.082
elastic_transform
	Test Loss 0.000 | Test Error 16.412
pixelate
	Test Loss 0.000 | Test Error 14.288
jpeg_compression
	Test Loss 0.000 | Test Error 15.258
Mean Corruption Error: 17.692
/cm/local/apps/slurm/var/spool/job1500975/slurm_script: line 17: 31304 Killed                  python cifar.py -m resnet18 -pt --optimizer sgd --scheduler lambda
slurmstepd: error: Detected 1 oom-kill event(s) in StepId=1500975.batch cgroup. Some of your processes may have been killed by the cgroup out-of-memory handler.
